Release 14.7 Map P.20131013 (nt)
Xilinx Mapping Report File for Design 'all_digital_modulator_fil'

Design Information
------------------
Command Line   : map -intstyle ise -p xc6slx45-csg324-2 -w -logic_opt off -ol
high -t 1 -xt 0 -register_duplication off -r 4 -global_opt off -mt off -ir off
-pr off -lc off -power off -o all_digital_modulator_fil_map.ncd
all_digital_modulator_fil.ngd all_digital_modulator_fil.pcf 
Target Device  : xc6slx45
Target Package : csg324
Target Speed   : -2
Mapper Version : spartan6 -- $Revision: 1.55 $
Mapped Date    : Fri Dec 29 22:18:20 2017

Design Summary
--------------
Number of errors:      0
Number of warnings:    8
Slice Logic Utilization:
  Number of Slice Registers:                 2,712 out of  54,576    4%
    Number used as Flip Flops:               2,506
    Number used as Latches:                      0
    Number used as Latch-thrus:                  0
    Number used as AND/OR logics:              206
  Number of Slice LUTs:                      6,483 out of  27,288   23%
    Number used as logic:                    6,369 out of  27,288   23%
      Number using O6 output only:           4,855
      Number using O5 output only:             501
      Number using O5 and O6:                1,013
      Number used as ROM:                        0
    Number used as Memory:                      25 out of   6,408    1%
      Number used as Dual Port RAM:             20
        Number using O6 output only:             4
        Number using O5 output only:             1
        Number using O5 and O6:                 15
      Number used as Single Port RAM:            0
      Number used as Shift Register:             5
        Number using O6 output only:             5
        Number using O5 output only:             0
        Number using O5 and O6:                  0
    Number used exclusively as route-thrus:     89
      Number with same-slice register load:     64
      Number with same-slice carry load:        25
      Number with other load:                    0

Slice Logic Distribution:
  Number of occupied Slices:                 1,971 out of   6,822   28%
  Number of MUXCYs used:                     3,960 out of  13,644   29%
  Number of LUT Flip Flop pairs used:        6,707
    Number with an unused Flip Flop:         4,233 out of   6,707   63%
    Number with an unused LUT:                 224 out of   6,707    3%
    Number of fully used LUT-FF pairs:       2,250 out of   6,707   33%
    Number of unique control sets:             123
    Number of slice register sites lost
      to control set restrictions:             462 out of  54,576    1%

  A LUT Flip Flop pair for this architecture represents one LUT paired with
  one Flip Flop within a slice.  A control set is a unique combination of
  clock, reset, set, and enable signals for a registered element.
  The Slice Logic Distribution report is not meaningful if the design is
  over-mapped for a non-slice resource or if Placement fails.

IO Utilization:
  Number of bonded IOBs:                        28 out of     218   12%
    Number of LOCed IOBs:                       28 out of      28  100%
    IOB Flip Flops:                              3

Specific Feature Utilization:
  Number of RAMB16BWERs:                         5 out of     116    4%
  Number of RAMB8BWERs:                          8 out of     232    3%
  Number of BUFIO2/BUFIO2_2CLKs:                 1 out of      32    3%
    Number used as BUFIO2s:                      1
    Number used as BUFIO2_2CLKs:                 0
  Number of BUFIO2FB/BUFIO2FB_2CLKs:             1 out of      32    3%
    Number used as BUFIO2FBs:                    1
    Number used as BUFIO2FB_2CLKs:               0
  Number of BUFG/BUFGMUXs:                       8 out of      16   50%
    Number used as BUFGs:                        8
    Number used as BUFGMUX:                      0
  Number of DCM/DCM_CLKGENs:                     1 out of       8   12%
    Number used as DCMs:                         1
    Number used as DCM_CLKGENs:                  0
  Number of ILOGIC2/ISERDES2s:                   2 out of     376    1%
    Number used as ILOGIC2s:                     2
    Number used as ISERDES2s:                    0
  Number of IODELAY2/IODRP2/IODRP2_MCBs:         0 out of     376    0%
  Number of OLOGIC2/OSERDES2s:                   1 out of     376    1%
    Number used as OLOGIC2s:                     1
    Number used as OSERDES2s:                    0
  Number of BSCANs:                              0 out of       4    0%
  Number of BUFHs:                               0 out of     256    0%
  Number of BUFPLLs:                             0 out of       8    0%
  Number of BUFPLL_MCBs:                         0 out of       4    0%
  Number of DSP48A1s:                           46 out of      58   79%
  Number of ICAPs:                               0 out of       1    0%
  Number of MCBs:                                0 out of       2    0%
  Number of PCILOGICSEs:                         0 out of       2    0%
  Number of PLL_ADVs:                            2 out of       4   50%
  Number of PMVs:                                0 out of       1    0%
  Number of STARTUPs:                            0 out of       1    0%
  Number of SUSPEND_SYNCs:                       0 out of       1    0%

Average Fanout of Non-Clock Nets:                2.98

Peak Memory Usage:  456 MB
Total REAL time to MAP completion:  1 mins 47 secs 
Total CPU time to MAP completion:   1 mins 47 secs 

Table of Contents
-----------------
Section 1 - Errors
Section 2 - Warnings
Section 3 - Informational
Section 4 - Removed Logic Summary
Section 5 - Removed Logic
Section 6 - IOB Properties
Section 7 - RPMs
Section 8 - Guide Report
Section 9 - Area Group and Partition Summary
Section 10 - Timing Report
Section 11 - Configuration String Information
Section 12 - Control Set Information
Section 13 - Utilization by Hierarchy

Section 1 - Errors
------------------

Section 2 - Warnings
--------------------
WARNING:MapLib:830 - Cannot automatically set COMPENSATION attribute for PLL_ADV
   u_FILCore/u_mwfil_chiftop/u_dut/u_all_digital_modulator/U1/pll_base_inst/PLL_
   ADV because no input clock signal was found.
WARNING:MapLib:701 - Signal ETH_MDIO connected to top level port ETH_MDIO has
   been removed.
WARNING:Timing:3223 - Timing constraint PATH "TS_TXCLK_RXCLK_path" TIG ignored during timing analysis.
WARNING:PhysDesignRules:367 - The signal
   <u_FILCore/u_FILCommLayer/u_FILPktProc/u_MWUDPPKTBuilder/u_STATUS_BUF/u_MWDPR
   AM/Mram_memory1_RAMD_D1_O> is incomplete. The signal does not drive any load
   pins in the design.
WARNING:PhysDesignRules:367 - The signal
   <u_FILCore/u_FILCommLayer/u_FILPktProc/u_MWUDPPKTBuilder/u_DATA_BUF/u_PKTINFO
   /Mram_memory2_RAMD_D1_O> is incomplete. The signal does not drive any load
   pins in the design.
WARNING:PhysDesignRules:367 - The signal
   <u_FILCore/u_FILCommLayer/u_FILPktProc/u_MWUDPPKTBuilder/u_DATA_BUF/u_PKTINFO
   /Mram_memory1_RAMD_D1_O> is incomplete. The signal does not drive any load
   pins in the design.
WARNING:PhysDesignRules:367 - The signal
   <u_FILCore/u_FILCommLayer/u_FILPktProc/u_MWUDPPKTBuilder/u_STATUS_BUF/u_PKTIN
   FO/Mram_memory1_RAMD_D1_O> is incomplete. The signal does not drive any load
   pins in the design.
WARNING:PhysDesignRules:2410 - This design is using one or more 9K Block RAMs
   (RAMB8BWER).  9K Block RAM initialization data, both user defined and
   default, may be incorrect and should not be used.  For more information,
   please reference Xilinx Answer Record 39999.

Section 3 - Informational
-------------------------
INFO:LIT:243 - Logical network
   u_FILCore/u_FILCommLayer/u_FILPktProc/u_MWUDPPKTBuilder/u_STATUS_BUF/u_MWDPRA
   M/Mram_memory22/SPO has no load.
INFO:LIT:395 - The above info message is repeated 1 more times for the following
   (max. 5 shown):
   u_FILCore/u_FILCommLayer/u_FILPktProc/u_MWUDPPKTBuilder/u_STATUS_BUF/u_MWDPRA
   M/Mram_memory21/SPO
   To see the details of these info messages, please use the -detail switch.
INFO:MapLib:562 - No environment variables are currently set.
INFO:MapLib:841 - Changing COMPENSATION attribute from SYSTEM_SYNCHRONOUS to
   INTERNAL for PLL_ADV
   u_FILCore/u_mwfil_chiftop/u_dut/u_all_digital_modulator/U2/pll_base_inst/PLL_
   ADV.
INFO:LIT:244 - All of the single ended outputs in this design are using slew
   rate limited output drivers. The delay on speed critical single ended outputs
   can be dramatically reduced by designating them as fast outputs.
INFO:Pack:1716 - Initializing temperature to 85.000 Celsius. (default - Range:
   0.000 to 85.000 Celsius)
INFO:Pack:1720 - Initializing voltage to 1.140 Volts. (default - Range: 1.140 to
   1.260 Volts)
INFO:Timing:3386 - Intersecting Constraints found and resolved.  For more information, see the TSI report.  Please consult the Xilinx
   Command Line Tools User Guide for information on generating a TSI report.
INFO:Map:215 - The Interim Design Summary has been generated in the MAP Report
   (.mrp).
INFO:Pack:1650 - Map created a placed design.
INFO:PhysDesignRules:1861 - To achieve optimal frequency synthesis performance
   with the CLKFX and CLKFX180 outputs of the DCM comp u_ClockManager/u_dcm,
   consult the device Data Sheet.

Section 4 - Removed Logic Summary
---------------------------------
  24 block(s) removed
   5 block(s) optimized away
   8 signal(s) removed

Section 5 - Removed Logic
-------------------------

The trimmed logic report below shows the logic removed from your design due to
sourceless or loadless signals, and VCC or ground connections.  If the removal
of a signal or symbol results in the subsequent removal of an additional signal
or symbol, the message explaining that second removal will be indented.  This
indentation will be repeated as a chain of related logic is removed.

To quickly locate the original cause for the removal of a chain of logic, look
above the place where that logic is listed in the trimming report, then locate
the lines that are least indented (begin at the leftmost edge).

Loadless block "u_FILCore/u_FILCommLayer/u_MWMAC/u_mwtxmac/Mmux__n3319_rs16"
(ROM) removed.
Loadless block
"u_FILCore/u_mwfil_chiftop/u_dut/u_all_digital_modulator/U1/clkout1_buf" (CKBUF)
removed.
 The signal "u_FILCore/u_mwfil_chiftop/u_dut/u_all_digital_modulator/U1/clkout0"
is loadless and has been removed.
Loadless block
"u_FILCore/u_mwfil_chiftop/u_dut/u_all_digital_modulator/U1/clkout2_buf" (CKBUF)
removed.
 The signal "u_FILCore/u_mwfil_chiftop/u_dut/u_all_digital_modulator/U1/clkout1"
is loadless and has been removed.
Loadless block
"u_FILCore/u_mwfil_chiftop/u_dut/u_all_digital_modulator/U1/clkout3_buf" (CKBUF)
removed.
 The signal "u_FILCore/u_mwfil_chiftop/u_dut/u_all_digital_modulator/U1/clkout2"
is loadless and has been removed.
Loadless block
"u_FILCore/u_mwfil_chiftop/u_dut/u_all_digital_modulator/U1/clkout4_buf" (CKBUF)
removed.
 The signal "u_FILCore/u_mwfil_chiftop/u_dut/u_all_digital_modulator/U1/clkout3"
is loadless and has been removed.
Loadless block
"u_FILCore/u_mwfil_chiftop/u_dut/u_all_digital_modulator/U10/Madd_Add1_out134"
(ROM) removed.
Loadless block
"u_FILCore/u_mwfil_chiftop/u_dut/u_all_digital_modulator/U10/Madd_Add1_out1_lut<
0>2" (ROM) removed.
Loadless block
"u_FILCore/u_mwfil_chiftop/u_dut/u_all_digital_modulator/U11/ADDER_FOR_MULTADD_M
add135" (ROM) removed.
Loadless block
"u_FILCore/u_mwfil_chiftop/u_dut/u_all_digital_modulator/U11/ADDER_FOR_MULTADD_M
add435" (ROM) removed.
Loadless block
"u_FILCore/u_mwfil_chiftop/u_dut/u_all_digital_modulator/U11/Msub_Sum3_out135"
(ROM) removed.
Loadless block
"u_FILCore/u_mwfil_chiftop/u_dut/u_all_digital_modulator/U11/Msub_Sum7_out135"
(ROM) removed.
Loadless block
"u_FILCore/u_mwfil_chiftop/u_dut/u_all_digital_modulator/U12/ADDER_FOR_MULTADD_M
add135" (ROM) removed.
Loadless block
"u_FILCore/u_mwfil_chiftop/u_dut/u_all_digital_modulator/U12/ADDER_FOR_MULTADD_M
add335" (ROM) removed.
Loadless block
"u_FILCore/u_mwfil_chiftop/u_dut/u_all_digital_modulator/U12/ADDER_FOR_MULTADD_M
add535" (ROM) removed.
Loadless block
"u_FILCore/u_mwfil_chiftop/u_dut/u_all_digital_modulator/U12/ADDER_FOR_MULTADD_M
add835" (ROM) removed.
Loadless block
"u_FILCore/u_mwfil_chiftop/u_dut/u_all_digital_modulator/U12/Madd_Sum11_out135"
(ROM) removed.
Loadless block
"u_FILCore/u_mwfil_chiftop/u_dut/u_all_digital_modulator/U12/Madd_Sum13_out135"
(ROM) removed.
Loadless block
"u_FILCore/u_mwfil_chiftop/u_dut/u_all_digital_modulator/U12/Madd_Sum3_out135"
(ROM) removed.
Loadless block
"u_FILCore/u_mwfil_chiftop/u_dut/u_all_digital_modulator/U12/Madd_Sum7_out135"
(ROM) removed.

The trimmed logic reported below is either:
   1. part of a cycle
   2. part of disabled logic
   3. a side-effect of other trimmed logic

The signal "ETH_MDIO" is unused and has been removed.
 Unused block "ETH_MDIO_OBUFT" (TRI) removed.
The signal "u_FILCore/u_mwfil_chiftop/u_dut/u_all_digital_modulator/U1/clkin1"
is unused and has been removed.
 Unused block
"u_FILCore/u_mwfil_chiftop/u_dut/u_all_digital_modulator/U1/clkin1_buf" (CKBUF)
removed.
The signal "u_FILCore/u_mwfil_chiftop/u_dut/u_all_digital_modulator/U1/clkfbout"
is unused and has been removed.
The signal
"u_FILCore/u_mwfil_chiftop/u_dut/u_all_digital_modulator/U1/clkfbout_buf" is
unused and has been removed.
 Unused block
"u_FILCore/u_mwfil_chiftop/u_dut/u_all_digital_modulator/U1/clkf_buf" (CKBUF)
removed.
Unused block "ETH_MDIO" (PAD) removed.
Unused block
"u_FILCore/u_mwfil_chiftop/u_dut/u_all_digital_modulator/U1/pll_base_inst/PLL_AD
V" (PLL_ADV) removed.

Optimized Block(s):
TYPE 		BLOCK
GND 		XST_GND
VCC 		XST_VCC
LUT2
		u_FILCore/u_mwfil_chiftop/u_dut/u_all_digital_modulator/U10/Madd_Add1_out11
   optimized to 0
LUT2
		u_FILCore/u_mwfil_chiftop/u_dut/u_all_digital_modulator/U10/Madd_Add1_out12
   optimized to 0
LUT3
		u_FILCore/u_mwfil_chiftop/u_dut/u_all_digital_modulator/U10/Madd_Add1_out1_lut
<0>3
   optimized to 0

To enable printing of redundant blocks removed and signals merged, set the
detailed map report option and rerun map.

Section 6 - IOB Properties
--------------------------

+---------------------------------------------------------------------------------------------------------------------------------------------------------+
| IOB Name                           | Type             | Direction | IO Standard          | Diff  | Drive    | Slew | Reg (s)      | Resistor | IOB      |
|                                    |                  |           |                      | Term  | Strength | Rate |              |          | Delay    |
+---------------------------------------------------------------------------------------------------------------------------------------------------------+
| ETH_COL                            | IOB              | INPUT     | LVCMOS25             |       |          |      | IFF          |          |          |
| ETH_CRS                            | IOB              | INPUT     | LVCMOS25             |       |          |      | IFF          |          |          |
| ETH_GTXCLK                         | IOB              | OUTPUT    | LVCMOS25             |       | 12       | SLOW | ODDR         |          |          |
| ETH_MDC                            | IOB              | OUTPUT    | LVCMOS25             |       | 12       | SLOW |              |          |          |
| ETH_RESET_n                        | IOB              | OUTPUT    | LVCMOS25             |       | 12       | SLOW |              |          |          |
| ETH_RXCLK                          | IOB              | INPUT     | LVCMOS25             |       |          |      |              |          |          |
| ETH_RXD<0>                         | IOB              | INPUT     | LVCMOS25             |       |          |      |              |          |          |
| ETH_RXD<1>                         | IOB              | INPUT     | LVCMOS25             |       |          |      |              |          |          |
| ETH_RXD<2>                         | IOB              | INPUT     | LVCMOS25             |       |          |      |              |          |          |
| ETH_RXD<3>                         | IOB              | INPUT     | LVCMOS25             |       |          |      |              |          |          |
| ETH_RXD<4>                         | IOB              | INPUT     | LVCMOS25             |       |          |      |              |          |          |
| ETH_RXD<5>                         | IOB              | INPUT     | LVCMOS25             |       |          |      |              |          |          |
| ETH_RXD<6>                         | IOB              | INPUT     | LVCMOS25             |       |          |      |              |          |          |
| ETH_RXD<7>                         | IOB              | INPUT     | LVCMOS25             |       |          |      |              |          |          |
| ETH_RXDV                           | IOB              | INPUT     | LVCMOS25             |       |          |      |              |          |          |
| ETH_RXER                           | IOB              | INPUT     | LVCMOS25             |       |          |      |              |          |          |
| ETH_TXD<0>                         | IOB              | OUTPUT    | LVCMOS25             |       | 12       | SLOW |              |          |          |
| ETH_TXD<1>                         | IOB              | OUTPUT    | LVCMOS25             |       | 12       | SLOW |              |          |          |
| ETH_TXD<2>                         | IOB              | OUTPUT    | LVCMOS25             |       | 12       | SLOW |              |          |          |
| ETH_TXD<3>                         | IOB              | OUTPUT    | LVCMOS25             |       | 12       | SLOW |              |          |          |
| ETH_TXD<4>                         | IOB              | OUTPUT    | LVCMOS25             |       | 12       | SLOW |              |          |          |
| ETH_TXD<5>                         | IOB              | OUTPUT    | LVCMOS25             |       | 12       | SLOW |              |          |          |
| ETH_TXD<6>                         | IOB              | OUTPUT    | LVCMOS25             |       | 12       | SLOW |              |          |          |
| ETH_TXD<7>                         | IOB              | OUTPUT    | LVCMOS25             |       | 12       | SLOW |              |          |          |
| ETH_TXEN                           | IOB              | OUTPUT    | LVCMOS25             |       | 12       | SLOW |              |          |          |
| ETH_TXER                           | IOB              | OUTPUT    | LVCMOS25             |       | 12       | SLOW |              |          |          |
| sysclk                             | IOB              | INPUT     | LVCMOS25             |       |          |      |              |          |          |
| sysrst                             | IOB              | INPUT     | LVCMOS25             |       |          |      |              |          |          |
+---------------------------------------------------------------------------------------------------------------------------------------------------------+

Section 7 - RPMs
----------------

Section 8 - Guide Report
------------------------
Guide not run on this design.

Section 9 - Area Group and Partition Summary
--------------------------------------------

Partition Implementation Status
-------------------------------

  No Partitions were found in this design.

-------------------------------

Area Group Information
----------------------

  No area groups were found in this design.

----------------------

Section 10 - Timing Report
--------------------------
A logic-level (pre-route) timing report can be generated by using Xilinx static
timing analysis tools, Timing Analyzer (GUI) or TRCE (command line), with the
mapped NCD and PCF files. Please note that this timing report will be generated
using estimated delay information. For accurate numbers, please generate a
timing report with the post Place and Route NCD file.

For more information about the Timing Analyzer, consult the Xilinx Timing
Analyzer Reference Manual; for more information about TRCE, consult the Xilinx
Command Line Tools User Guide "TRACE" chapter.

Section 11 - Configuration String Details
-----------------------------------------
Use the "-detail" map option to print out Configuration Strings

Section 12 - Control Set Information
------------------------------------
Use the "-detail" map option to print out Control Set Information.

Section 13 - Utilization by Hierarchy
-------------------------------------
Use the "-detail" map option to print out the Utilization by Hierarchy section.
