Release 14.7 Map P.20131013 (nt)
Xilinx Mapping Report File for Design 'DSM_MOD8_HDL'

Design Information
------------------
Command Line   : map -intstyle ise -p xc6slx45-csg324-3 -w -logic_opt off -ol
high -t 1 -xt 0 -register_duplication off -r 4 -global_opt off -mt off -ir off
-pr off -lc off -power off -o DSM_MOD8_HDL_map.ncd DSM_MOD8_HDL.ngd
DSM_MOD8_HDL.pcf 
Target Device  : xc6slx45
Target Package : csg324
Target Speed   : -3
Mapper Version : spartan6 -- $Revision: 1.55 $
Mapped Date    : Sun Jan 07 17:19:01 2018

Design Summary
--------------
Number of errors:      0
Number of warnings:    0
Slice Logic Utilization:
  Number of Slice Registers:                   718 out of  54,576    1%
    Number used as Flip Flops:                 368
    Number used as Latches:                      0
    Number used as Latch-thrus:                  0
    Number used as AND/OR logics:              350
  Number of Slice LUTs:                      2,448 out of  27,288    8%
    Number used as logic:                    2,442 out of  27,288    8%
      Number using O6 output only:           1,807
      Number using O5 output only:             210
      Number using O5 and O6:                  425
      Number used as ROM:                        0
    Number used as Memory:                       0 out of   6,408    0%
    Number used exclusively as route-thrus:      6
      Number with same-slice register load:      0
      Number with same-slice carry load:         6
      Number with other load:                    0

Slice Logic Distribution:
  Number of occupied Slices:                   637 out of   6,822    9%
  Number of MUXCYs used:                     2,516 out of  13,644   18%
  Number of LUT Flip Flop pairs used:        2,448
    Number with an unused Flip Flop:         1,730 out of   2,448   70%
    Number with an unused LUT:                   0 out of   2,448    0%
    Number of fully used LUT-FF pairs:         718 out of   2,448   29%
    Number of unique control sets:               1
    Number of slice register sites lost
      to control set restrictions:               0 out of  54,576    0%

  A LUT Flip Flop pair for this architecture represents one LUT paired with
  one Flip Flop within a slice.  A control set is a unique combination of
  clock, reset, set, and enable signals for a registered element.
  The Slice Logic Distribution report is not meaningful if the design is
  over-mapped for a non-slice resource or if Placement fails.

IO Utilization:
  Number of bonded IOBs:                        52 out of     218   23%

Specific Feature Utilization:
  Number of RAMB16BWERs:                         0 out of     116    0%
  Number of RAMB8BWERs:                          0 out of     232    0%
  Number of BUFIO2/BUFIO2_2CLKs:                 0 out of      32    0%
  Number of BUFIO2FB/BUFIO2FB_2CLKs:             0 out of      32    0%
  Number of BUFG/BUFGMUXs:                       1 out of      16    6%
    Number used as BUFGs:                        1
    Number used as BUFGMUX:                      0
  Number of DCM/DCM_CLKGENs:                     0 out of       8    0%
  Number of ILOGIC2/ISERDES2s:                   0 out of     376    0%
  Number of IODELAY2/IODRP2/IODRP2_MCBs:         0 out of     376    0%
  Number of OLOGIC2/OSERDES2s:                   0 out of     376    0%
  Number of BSCANs:                              0 out of       4    0%
  Number of BUFHs:                               0 out of     256    0%
  Number of BUFPLLs:                             0 out of       8    0%
  Number of BUFPLL_MCBs:                         0 out of       4    0%
  Number of DSP48A1s:                           36 out of      58   62%
  Number of ICAPs:                               0 out of       1    0%
  Number of MCBs:                                0 out of       2    0%
  Number of PCILOGICSEs:                         0 out of       2    0%
  Number of PLL_ADVs:                            0 out of       4    0%
  Number of PMVs:                                0 out of       1    0%
  Number of STARTUPs:                            0 out of       1    0%
  Number of SUSPEND_SYNCs:                       0 out of       1    0%

Average Fanout of Non-Clock Nets:                2.18

Peak Memory Usage:  438 MB
Total REAL time to MAP completion:  33 secs 
Total CPU time to MAP completion:   29 secs 

Table of Contents
-----------------
Section 1 - Errors
Section 2 - Warnings
Section 3 - Informational
Section 4 - Removed Logic Summary
Section 5 - Removed Logic
Section 6 - IOB Properties
Section 7 - RPMs
Section 8 - Guide Report
Section 9 - Area Group and Partition Summary
Section 10 - Timing Report
Section 11 - Configuration String Information
Section 12 - Control Set Information
Section 13 - Utilization by Hierarchy

Section 1 - Errors
------------------

Section 2 - Warnings
--------------------

Section 3 - Informational
-------------------------
INFO:MapLib:562 - No environment variables are currently set.
INFO:LIT:244 - All of the single ended outputs in this design are using slew
   rate limited output drivers. The delay on speed critical single ended outputs
   can be dramatically reduced by designating them as fast outputs.
INFO:Pack:1716 - Initializing temperature to 85.000 Celsius. (default - Range:
   0.000 to 85.000 Celsius)
INFO:Pack:1720 - Initializing voltage to 1.140 Volts. (default - Range: 1.140 to
   1.260 Volts)
INFO:Map:215 - The Interim Design Summary has been generated in the MAP Report
   (.mrp).
INFO:Pack:1650 - Map created a placed design.

Section 4 - Removed Logic Summary
---------------------------------
   8 block(s) removed
   2 block(s) optimized away

Section 5 - Removed Logic
-------------------------

The trimmed logic report below shows the logic removed from your design due to
sourceless or loadless signals, and VCC or ground connections.  If the removal
of a signal or symbol results in the subsequent removal of an additional signal
or symbol, the message explaining that second removal will be indented.  This
indentation will be repeated as a chain of related logic is removed.

To quickly locate the original cause for the removal of a chain of logic, look
above the place where that logic is listed in the trimming report, then locate
the lines that are least indented (begin at the leftmost edge).

Loadless block "Msub_Gain11_cast<85:40>45" (ROM) removed.
Loadless block "Msub_Gain12_cast<85:40>45" (ROM) removed.
Loadless block "Msub_Gain13_cast<85:40>45" (ROM) removed.
Loadless block "Msub_Gain14_cast<85:40>45" (ROM) removed.
Loadless block "Msub_Gain16_cast<85:40>45" (ROM) removed.
Loadless block "Msub_Gain21_cast<85:40>45" (ROM) removed.
Loadless block "Msub_Gain22_cast<85:40>45" (ROM) removed.
Loadless block "Msub_Gain27_cast<85:40>45" (ROM) removed.

Optimized Block(s):
TYPE 		BLOCK
GND 		XST_GND
VCC 		XST_VCC

To enable printing of redundant blocks removed and signals merged, set the
detailed map report option and rerun map.

Section 6 - IOB Properties
--------------------------

+---------------------------------------------------------------------------------------------------------------------------------------------------------+
| IOB Name                           | Type             | Direction | IO Standard          | Diff  | Drive    | Slew | Reg (s)      | Resistor | IOB      |
|                                    |                  |           |                      | Term  | Strength | Rate |              |          | Delay    |
+---------------------------------------------------------------------------------------------------------------------------------------------------------+
| In1<0>                             | IOB              | INPUT     | LVCMOS25             |       |          |      |              |          |          |
| In1<1>                             | IOB              | INPUT     | LVCMOS25             |       |          |      |              |          |          |
| In1<2>                             | IOB              | INPUT     | LVCMOS25             |       |          |      |              |          |          |
| In1<3>                             | IOB              | INPUT     | LVCMOS25             |       |          |      |              |          |          |
| In1<4>                             | IOB              | INPUT     | LVCMOS25             |       |          |      |              |          |          |
| In1<5>                             | IOB              | INPUT     | LVCMOS25             |       |          |      |              |          |          |
| In1<6>                             | IOB              | INPUT     | LVCMOS25             |       |          |      |              |          |          |
| In1<7>                             | IOB              | INPUT     | LVCMOS25             |       |          |      |              |          |          |
| In1<8>                             | IOB              | INPUT     | LVCMOS25             |       |          |      |              |          |          |
| In1<9>                             | IOB              | INPUT     | LVCMOS25             |       |          |      |              |          |          |
| In1<10>                            | IOB              | INPUT     | LVCMOS25             |       |          |      |              |          |          |
| In1<11>                            | IOB              | INPUT     | LVCMOS25             |       |          |      |              |          |          |
| In1<12>                            | IOB              | INPUT     | LVCMOS25             |       |          |      |              |          |          |
| In1<13>                            | IOB              | INPUT     | LVCMOS25             |       |          |      |              |          |          |
| In1<14>                            | IOB              | INPUT     | LVCMOS25             |       |          |      |              |          |          |
| In1<15>                            | IOB              | INPUT     | LVCMOS25             |       |          |      |              |          |          |
| In1<16>                            | IOB              | INPUT     | LVCMOS25             |       |          |      |              |          |          |
| In1<17>                            | IOB              | INPUT     | LVCMOS25             |       |          |      |              |          |          |
| In1<18>                            | IOB              | INPUT     | LVCMOS25             |       |          |      |              |          |          |
| In1<19>                            | IOB              | INPUT     | LVCMOS25             |       |          |      |              |          |          |
| In1<20>                            | IOB              | INPUT     | LVCMOS25             |       |          |      |              |          |          |
| In1<21>                            | IOB              | INPUT     | LVCMOS25             |       |          |      |              |          |          |
| In1<22>                            | IOB              | INPUT     | LVCMOS25             |       |          |      |              |          |          |
| In1<23>                            | IOB              | INPUT     | LVCMOS25             |       |          |      |              |          |          |
| In1<24>                            | IOB              | INPUT     | LVCMOS25             |       |          |      |              |          |          |
| In1<25>                            | IOB              | INPUT     | LVCMOS25             |       |          |      |              |          |          |
| In1<26>                            | IOB              | INPUT     | LVCMOS25             |       |          |      |              |          |          |
| In1<27>                            | IOB              | INPUT     | LVCMOS25             |       |          |      |              |          |          |
| In1<28>                            | IOB              | INPUT     | LVCMOS25             |       |          |      |              |          |          |
| In1<29>                            | IOB              | INPUT     | LVCMOS25             |       |          |      |              |          |          |
| In1<30>                            | IOB              | INPUT     | LVCMOS25             |       |          |      |              |          |          |
| In1<31>                            | IOB              | INPUT     | LVCMOS25             |       |          |      |              |          |          |
| In1<32>                            | IOB              | INPUT     | LVCMOS25             |       |          |      |              |          |          |
| In1<33>                            | IOB              | INPUT     | LVCMOS25             |       |          |      |              |          |          |
| In1<34>                            | IOB              | INPUT     | LVCMOS25             |       |          |      |              |          |          |
| In1<35>                            | IOB              | INPUT     | LVCMOS25             |       |          |      |              |          |          |
| In1<36>                            | IOB              | INPUT     | LVCMOS25             |       |          |      |              |          |          |
| In1<37>                            | IOB              | INPUT     | LVCMOS25             |       |          |      |              |          |          |
| In1<38>                            | IOB              | INPUT     | LVCMOS25             |       |          |      |              |          |          |
| In1<39>                            | IOB              | INPUT     | LVCMOS25             |       |          |      |              |          |          |
| In1<40>                            | IOB              | INPUT     | LVCMOS25             |       |          |      |              |          |          |
| In1<41>                            | IOB              | INPUT     | LVCMOS25             |       |          |      |              |          |          |
| In1<42>                            | IOB              | INPUT     | LVCMOS25             |       |          |      |              |          |          |
| In1<43>                            | IOB              | INPUT     | LVCMOS25             |       |          |      |              |          |          |
| In1<44>                            | IOB              | INPUT     | LVCMOS25             |       |          |      |              |          |          |
| In1<45>                            | IOB              | INPUT     | LVCMOS25             |       |          |      |              |          |          |
| Out1<0>                            | IOB              | OUTPUT    | LVCMOS25             |       | 12       | SLOW |              |          |          |
| Out1<1>                            | IOB              | OUTPUT    | LVCMOS25             |       | 12       | SLOW |              |          |          |
| ce_out                             | IOB              | OUTPUT    | LVCMOS25             |       | 12       | SLOW |              |          |          |
| clk                                | IOB              | INPUT     | LVCMOS25             |       |          |      |              |          |          |
| clk_enable                         | IOB              | INPUT     | LVCMOS25             |       |          |      |              |          |          |
| reset                              | IOB              | INPUT     | LVCMOS25             |       |          |      |              |          |          |
+---------------------------------------------------------------------------------------------------------------------------------------------------------+

Section 7 - RPMs
----------------

Section 8 - Guide Report
------------------------
Guide not run on this design.

Section 9 - Area Group and Partition Summary
--------------------------------------------

Partition Implementation Status
-------------------------------

  No Partitions were found in this design.

-------------------------------

Area Group Information
----------------------

  No area groups were found in this design.

----------------------

Section 10 - Timing Report
--------------------------
A logic-level (pre-route) timing report can be generated by using Xilinx static
timing analysis tools, Timing Analyzer (GUI) or TRCE (command line), with the
mapped NCD and PCF files. Please note that this timing report will be generated
using estimated delay information. For accurate numbers, please generate a
timing report with the post Place and Route NCD file.

For more information about the Timing Analyzer, consult the Xilinx Timing
Analyzer Reference Manual; for more information about TRCE, consult the Xilinx
Command Line Tools User Guide "TRACE" chapter.

Section 11 - Configuration String Details
-----------------------------------------
Use the "-detail" map option to print out Configuration Strings

Section 12 - Control Set Information
------------------------------------
Use the "-detail" map option to print out Control Set Information.

Section 13 - Utilization by Hierarchy
-------------------------------------
Use the "-detail" map option to print out the Utilization by Hierarchy section.
