Release 14.7 - ngc2edif P.20131013 (nt64)
Copyright (c) 1995-2013 Xilinx, Inc.  All rights reserved.
Reading design dac_mod_2_4_sim_cw.ngc ...
WARNING:NetListWriters:298 - No output is written to dac_mod_2_4_sim_cw.xncf,
   ignored.
Processing design ...
   Preping design's networks ...
   Preping design's macros ...
WARNING:NetListWriters:306 - Signal bus
   dac_mod_2_4_sim_x0/b11/Mmult_n0013[84:0]_submult_3_Madd1_lut[12 : 0] on block
   dac_mod_2_4_sim_cw is not reconstructed, because there are some missing bus
   signals.
  finished :Prep
Writing EDIF netlist file dac_mod_2_4_sim_cw.edif ...
ngc2edif: Total memory usage is 137712 kilobytes

Release 14.7 - ngc2edif P.20131013 (nt64)
Copyright (c) 1995-2013 Xilinx, Inc.  All rights reserved.
Reading design addsb_11_0_378a84205e17796b.ngc ...
WARNING:NetListWriters:298 - No output is written to
   addsb_11_0_378a84205e17796b.xncf, ignored.
Processing design ...
   Preping design's networks ...
   Preping design's macros ...
  finished :Prep
Writing EDIF netlist file addsb_11_0_378a84205e17796b.edif ...
ngc2edif: Total memory usage is 128496 kilobytes

Release 14.7 - ngc2edif P.20131013 (nt64)
Copyright (c) 1995-2013 Xilinx, Inc.  All rights reserved.
Reading design xlpersistentdff.ngc ...
WARNING:NetListWriters:298 - No output is written to xlpersistentdff.xncf,
   ignored.
Processing design ...
   Preping design's networks ...
   Preping design's macros ...
  finished :Prep
Writing EDIF netlist file xlpersistentdff.edif ...
ngc2edif: Total memory usage is 129520 kilobytes

Release 14.7 - ngc2edif P.20131013 (nt64)
Copyright (c) 1995-2013 Xilinx, Inc.  All rights reserved.
Reading design dac_mod_2_4_sim_cw.ngc ...
WARNING:NetListWriters:298 - No output is written to dac_mod_2_4_sim_cw.xncf,
   ignored.
Processing design ...
   Preping design's networks ...
   Preping design's macros ...
WARNING:NetListWriters:306 - Signal bus
   dac_mod_2_4_sim_x0/b11/Mmult_n0013[84:0]_submult_3_Madd1_lut[12 : 0] on block
   dac_mod_2_4_sim_cw is not reconstructed, because there are some missing bus
   signals.
  finished :Prep
Writing EDIF netlist file dac_mod_2_4_sim_cw.edif ...
ngc2edif: Total memory usage is 137712 kilobytes

Release 14.7 - ngc2edif P.20131013 (nt64)
Copyright (c) 1995-2013 Xilinx, Inc.  All rights reserved.
Reading design addsb_11_0_378a84205e17796b.ngc ...
WARNING:NetListWriters:298 - No output is written to
   addsb_11_0_378a84205e17796b.xncf, ignored.
Processing design ...
   Preping design's networks ...
   Preping design's macros ...
  finished :Prep
Writing EDIF netlist file addsb_11_0_378a84205e17796b.edif ...
ngc2edif: Total memory usage is 128496 kilobytes

Release 14.7 - ngc2edif P.20131013 (nt64)
Copyright (c) 1995-2013 Xilinx, Inc.  All rights reserved.
Reading design xlpersistentdff.ngc ...
WARNING:NetListWriters:298 - No output is written to xlpersistentdff.xncf,
   ignored.
Processing design ...
   Preping design's networks ...
   Preping design's macros ...
  finished :Prep
Writing EDIF netlist file xlpersistentdff.edif ...
ngc2edif: Total memory usage is 129520 kilobytes

