Release 14.7 Map P.20131013 (nt)
Xilinx Mapping Report File for Design 'all_digital_modulator'

Design Information
------------------
Command Line   : map -intstyle ise -p xc6slx45-fgg484-3 -w -logic_opt off -ol
high -t 1 -xt 0 -register_duplication off -r 4 -global_opt off -mt off -ir off
-pr off -lc off -power off -o all_digital_modulator_map.ncd
all_digital_modulator.ngd all_digital_modulator.pcf 
Target Device  : xc6slx45
Target Package : fgg484
Target Speed   : -3
Mapper Version : spartan6 -- $Revision: 1.55 $
Mapped Date    : Thu Dec 28 04:30:50 2017

Design Summary
--------------
Number of errors:      0
Number of warnings:    1
Slice Logic Utilization:
  Number of Slice Registers:                   701 out of  54,576    1%
    Number used as Flip Flops:                 492
    Number used as Latches:                      0
    Number used as Latch-thrus:                  0
    Number used as AND/OR logics:              209
  Number of Slice LUTs:                      3,447 out of  27,288   12%
    Number used as logic:                    3,440 out of  27,288   12%
      Number using O6 output only:           2,601
      Number using O5 output only:             309
      Number using O5 and O6:                  530
      Number used as ROM:                        0
    Number used as Memory:                       0 out of   6,408    0%
    Number used exclusively as route-thrus:      7
      Number with same-slice register load:      0
      Number with same-slice carry load:         7
      Number with other load:                    0

Slice Logic Distribution:
  Number of occupied Slices:                   931 out of   6,822   13%
  Number of MUXCYs used:                     3,404 out of  13,644   24%
  Number of LUT Flip Flop pairs used:        3,447
    Number with an unused Flip Flop:         2,746 out of   3,447   79%
    Number with an unused LUT:                   0 out of   3,447    0%
    Number of fully used LUT-FF pairs:         701 out of   3,447   20%
    Number of unique control sets:               1
    Number of slice register sites lost
      to control set restrictions:               4 out of  54,576    1%

  A LUT Flip Flop pair for this architecture represents one LUT paired with
  one Flip Flop within a slice.  A control set is a unique combination of
  clock, reset, set, and enable signals for a registered element.
  The Slice Logic Distribution report is not meaningful if the design is
  over-mapped for a non-slice resource or if Placement fails.

IO Utilization:
  Number of bonded IOBs:                       141 out of     316   44%

Specific Feature Utilization:
  Number of RAMB16BWERs:                         0 out of     116    0%
  Number of RAMB8BWERs:                          0 out of     232    0%
  Number of BUFIO2/BUFIO2_2CLKs:                 1 out of      32    3%
    Number used as BUFIO2s:                      1
    Number used as BUFIO2_2CLKs:                 0
  Number of BUFIO2FB/BUFIO2FB_2CLKs:             1 out of      32    3%
    Number used as BUFIO2FBs:                    1
    Number used as BUFIO2FB_2CLKs:               0
  Number of BUFG/BUFGMUXs:                       2 out of      16   12%
    Number used as BUFGs:                        2
    Number used as BUFGMUX:                      0
  Number of DCM/DCM_CLKGENs:                     0 out of       8    0%
  Number of ILOGIC2/ISERDES2s:                   0 out of     376    0%
  Number of IODELAY2/IODRP2/IODRP2_MCBs:         0 out of     376    0%
  Number of OLOGIC2/OSERDES2s:                   0 out of     376    0%
  Number of BSCANs:                              0 out of       4    0%
  Number of BUFHs:                               0 out of     256    0%
  Number of BUFPLLs:                             0 out of       8    0%
  Number of BUFPLL_MCBs:                         0 out of       4    0%
  Number of DSP48A1s:                           46 out of      58   79%
  Number of ICAPs:                               0 out of       1    0%
  Number of MCBs:                                0 out of       2    0%
  Number of PCILOGICSEs:                         0 out of       2    0%
  Number of PLL_ADVs:                            2 out of       4   50%
  Number of PMVs:                                0 out of       1    0%
  Number of STARTUPs:                            0 out of       1    0%
  Number of SUSPEND_SYNCs:                       0 out of       1    0%

Average Fanout of Non-Clock Nets:                2.21

Peak Memory Usage:  471 MB
Total REAL time to MAP completion:  51 secs 
Total CPU time to MAP completion:   50 secs 

Table of Contents
-----------------
Section 1 - Errors
Section 2 - Warnings
Section 3 - Informational
Section 4 - Removed Logic Summary
Section 5 - Removed Logic
Section 6 - IOB Properties
Section 7 - RPMs
Section 8 - Guide Report
Section 9 - Area Group and Partition Summary
Section 10 - Timing Report
Section 11 - Configuration String Information
Section 12 - Control Set Information
Section 13 - Utilization by Hierarchy

Section 1 - Errors
------------------

Section 2 - Warnings
--------------------
WARNING:MapLib:830 - Cannot automatically set COMPENSATION attribute for PLL_ADV
   U1/pll_base_inst/PLL_ADV because no input clock signal was found.

Section 3 - Informational
-------------------------
INFO:LIT:243 - Logical network DAC_IN<33> has no load.
INFO:LIT:395 - The above info message is repeated 5 more times for the following
   (max. 5 shown):
   DAC_IN<32>,
   DAC_IN<31>,
   DAC_IN<30>,
   ce,
   enb
   To see the details of these info messages, please use the -detail switch.
INFO:MapLib:562 - No environment variables are currently set.
INFO:MapLib:841 - Changing COMPENSATION attribute from SYSTEM_SYNCHRONOUS to
   INTERNAL for PLL_ADV U2/pll_base_inst/PLL_ADV.
INFO:LIT:244 - All of the single ended outputs in this design are using slew
   rate limited output drivers. The delay on speed critical single ended outputs
   can be dramatically reduced by designating them as fast outputs.
INFO:Pack:1716 - Initializing temperature to 85.000 Celsius. (default - Range:
   0.000 to 85.000 Celsius)
INFO:Pack:1720 - Initializing voltage to 1.140 Volts. (default - Range: 1.140 to
   1.260 Volts)
INFO:Map:215 - The Interim Design Summary has been generated in the MAP Report
   (.mrp).
INFO:Pack:1650 - Map created a placed design.

Section 4 - Removed Logic Summary
---------------------------------
  21 block(s) removed
   9 block(s) optimized away
   7 signal(s) removed

Section 5 - Removed Logic
-------------------------

The trimmed logic report below shows the logic removed from your design due to
sourceless or loadless signals, and VCC or ground connections.  If the removal
of a signal or symbol results in the subsequent removal of an additional signal
or symbol, the message explaining that second removal will be indented.  This
indentation will be repeated as a chain of related logic is removed.

To quickly locate the original cause for the removal of a chain of logic, look
above the place where that logic is listed in the trimming report, then locate
the lines that are least indented (begin at the leftmost edge).

Loadless block "U1/clkout1_buf" (CKBUF) removed.
 The signal "U1/clkout0" is loadless and has been removed.
Loadless block "U1/clkout2_buf" (CKBUF) removed.
 The signal "U1/clkout1" is loadless and has been removed.
Loadless block "U1/clkout3_buf" (CKBUF) removed.
 The signal "U1/clkout2" is loadless and has been removed.
Loadless block "U1/clkout4_buf" (CKBUF) removed.
 The signal "U1/clkout3" is loadless and has been removed.
Loadless block "U10/Madd_Add1_out134" (ROM) removed.
Loadless block "U10/Madd_Add1_out1_lut<0>2" (ROM) removed.
Loadless block "U11/ADDER_FOR_MULTADD_Madd135" (ROM) removed.
Loadless block "U11/ADDER_FOR_MULTADD_Madd435" (ROM) removed.
Loadless block "U11/Msub_Sum3_out135" (ROM) removed.
Loadless block "U11/Msub_Sum7_out135" (ROM) removed.
Loadless block "U12/ADDER_FOR_MULTADD_Madd135" (ROM) removed.
Loadless block "U12/ADDER_FOR_MULTADD_Madd335" (ROM) removed.
Loadless block "U12/ADDER_FOR_MULTADD_Madd535" (ROM) removed.
Loadless block "U12/ADDER_FOR_MULTADD_Madd835" (ROM) removed.
Loadless block "U12/Madd_Sum11_out135" (ROM) removed.
Loadless block "U12/Madd_Sum13_out135" (ROM) removed.
Loadless block "U12/Madd_Sum3_out135" (ROM) removed.
Loadless block "U12/Madd_Sum7_out135" (ROM) removed.

The trimmed logic reported below is either:
   1. part of a cycle
   2. part of disabled logic
   3. a side-effect of other trimmed logic

The signal "U1/clkfbout_buf" is unused and has been removed.
 Unused block "U1/clkf_buf" (CKBUF) removed.
  The signal "U1/clkfbout" is unused and has been removed.
The signal "U1/clkin1" is unused and has been removed.
 Unused block "U1/clkin1_buf" (CKBUF) removed.
Unused block "U1/pll_base_inst/PLL_ADV" (PLL_ADV) removed.

Optimized Block(s):
TYPE 		BLOCK
LUT2 		U10/Madd_Add1_out11
   optimized to 0
LUT2 		U10/Madd_Add1_out12
   optimized to 0
LUT2 		U10/Madd_Add1_out13
   optimized to 0
LUT2 		U10/Madd_Add1_out14
   optimized to 0
LUT3 		U10/Madd_Add1_out1_lut<0>3
   optimized to 0
LUT3 		U10/Madd_Add1_out1_lut<0>4
   optimized to 0
LUT3 		U10/Madd_Add1_out1_lut<0>5
   optimized to 0
GND 		XST_GND
VCC 		XST_VCC

To enable printing of redundant blocks removed and signals merged, set the
detailed map report option and rerun map.

Section 6 - IOB Properties
--------------------------

+---------------------------------------------------------------------------------------------------------------------------------------------------------+
| IOB Name                           | Type             | Direction | IO Standard          | Diff  | Drive    | Slew | Reg (s)      | Resistor | IOB      |
|                                    |                  |           |                      | Term  | Strength | Rate |              |          | Delay    |
+---------------------------------------------------------------------------------------------------------------------------------------------------------+
| DAC_IN<0>                          | IOB              | INPUT     | LVCMOS25             |       |          |      |              |          |          |
| DAC_IN<1>                          | IOB              | INPUT     | LVCMOS25             |       |          |      |              |          |          |
| DAC_IN<2>                          | IOB              | INPUT     | LVCMOS25             |       |          |      |              |          |          |
| DAC_IN<3>                          | IOB              | INPUT     | LVCMOS25             |       |          |      |              |          |          |
| DAC_IN<4>                          | IOB              | INPUT     | LVCMOS25             |       |          |      |              |          |          |
| DAC_IN<5>                          | IOB              | INPUT     | LVCMOS25             |       |          |      |              |          |          |
| DAC_IN<6>                          | IOB              | INPUT     | LVCMOS25             |       |          |      |              |          |          |
| DAC_IN<7>                          | IOB              | INPUT     | LVCMOS25             |       |          |      |              |          |          |
| DAC_IN<8>                          | IOB              | INPUT     | LVCMOS25             |       |          |      |              |          |          |
| DAC_IN<9>                          | IOB              | INPUT     | LVCMOS25             |       |          |      |              |          |          |
| DAC_IN<10>                         | IOB              | INPUT     | LVCMOS25             |       |          |      |              |          |          |
| DAC_IN<11>                         | IOB              | INPUT     | LVCMOS25             |       |          |      |              |          |          |
| DAC_IN<12>                         | IOB              | INPUT     | LVCMOS25             |       |          |      |              |          |          |
| DAC_IN<13>                         | IOB              | INPUT     | LVCMOS25             |       |          |      |              |          |          |
| DAC_IN<14>                         | IOB              | INPUT     | LVCMOS25             |       |          |      |              |          |          |
| DAC_IN<15>                         | IOB              | INPUT     | LVCMOS25             |       |          |      |              |          |          |
| DAC_IN<16>                         | IOB              | INPUT     | LVCMOS25             |       |          |      |              |          |          |
| DAC_IN<17>                         | IOB              | INPUT     | LVCMOS25             |       |          |      |              |          |          |
| DAC_IN<18>                         | IOB              | INPUT     | LVCMOS25             |       |          |      |              |          |          |
| DAC_IN<19>                         | IOB              | INPUT     | LVCMOS25             |       |          |      |              |          |          |
| DAC_IN<20>                         | IOB              | INPUT     | LVCMOS25             |       |          |      |              |          |          |
| DAC_IN<21>                         | IOB              | INPUT     | LVCMOS25             |       |          |      |              |          |          |
| DAC_IN<22>                         | IOB              | INPUT     | LVCMOS25             |       |          |      |              |          |          |
| DAC_IN<23>                         | IOB              | INPUT     | LVCMOS25             |       |          |      |              |          |          |
| DAC_IN<24>                         | IOB              | INPUT     | LVCMOS25             |       |          |      |              |          |          |
| DAC_IN<25>                         | IOB              | INPUT     | LVCMOS25             |       |          |      |              |          |          |
| DAC_IN<26>                         | IOB              | INPUT     | LVCMOS25             |       |          |      |              |          |          |
| DAC_IN<27>                         | IOB              | INPUT     | LVCMOS25             |       |          |      |              |          |          |
| DAC_IN<28>                         | IOB              | INPUT     | LVCMOS25             |       |          |      |              |          |          |
| DAC_IN<29>                         | IOB              | INPUT     | LVCMOS25             |       |          |      |              |          |          |
| DAC_OUT1<0>                        | IOB              | OUTPUT    | LVCMOS25             |       | 12       | SLOW |              |          |          |
| DAC_OUT1<1>                        | IOB              | OUTPUT    | LVCMOS25             |       | 12       | SLOW |              |          |          |
| DAC_OUT1<2>                        | IOB              | OUTPUT    | LVCMOS25             |       | 12       | SLOW |              |          |          |
| DAC_OUT1<3>                        | IOB              | OUTPUT    | LVCMOS25             |       | 12       | SLOW |              |          |          |
| DAC_OUT1<4>                        | IOB              | OUTPUT    | LVCMOS25             |       | 12       | SLOW |              |          |          |
| DAC_OUT1<5>                        | IOB              | OUTPUT    | LVCMOS25             |       | 12       | SLOW |              |          |          |
| DAC_OUT1<6>                        | IOB              | OUTPUT    | LVCMOS25             |       | 12       | SLOW |              |          |          |
| DAC_OUT1<7>                        | IOB              | OUTPUT    | LVCMOS25             |       | 12       | SLOW |              |          |          |
| DAC_OUT1<8>                        | IOB              | OUTPUT    | LVCMOS25             |       | 12       | SLOW |              |          |          |
| DAC_OUT1<9>                        | IOB              | OUTPUT    | LVCMOS25             |       | 12       | SLOW |              |          |          |
| DAC_OUT1<10>                       | IOB              | OUTPUT    | LVCMOS25             |       | 12       | SLOW |              |          |          |
| DAC_OUT1<11>                       | IOB              | OUTPUT    | LVCMOS25             |       | 12       | SLOW |              |          |          |
| DAC_OUT1<12>                       | IOB              | OUTPUT    | LVCMOS25             |       | 12       | SLOW |              |          |          |
| DAC_OUT1<13>                       | IOB              | OUTPUT    | LVCMOS25             |       | 12       | SLOW |              |          |          |
| DAC_OUT1<14>                       | IOB              | OUTPUT    | LVCMOS25             |       | 12       | SLOW |              |          |          |
| DAC_OUT1<15>                       | IOB              | OUTPUT    | LVCMOS25             |       | 12       | SLOW |              |          |          |
| DAC_OUT1<16>                       | IOB              | OUTPUT    | LVCMOS25             |       | 12       | SLOW |              |          |          |
| DAC_OUT1<17>                       | IOB              | OUTPUT    | LVCMOS25             |       | 12       | SLOW |              |          |          |
| DAC_OUT1<18>                       | IOB              | OUTPUT    | LVCMOS25             |       | 12       | SLOW |              |          |          |
| DAC_OUT1<19>                       | IOB              | OUTPUT    | LVCMOS25             |       | 12       | SLOW |              |          |          |
| DAC_OUT1<20>                       | IOB              | OUTPUT    | LVCMOS25             |       | 12       | SLOW |              |          |          |
| DAC_OUT1<21>                       | IOB              | OUTPUT    | LVCMOS25             |       | 12       | SLOW |              |          |          |
| DAC_OUT1<22>                       | IOB              | OUTPUT    | LVCMOS25             |       | 12       | SLOW |              |          |          |
| DAC_OUT1<23>                       | IOB              | OUTPUT    | LVCMOS25             |       | 12       | SLOW |              |          |          |
| DAC_OUT1<24>                       | IOB              | OUTPUT    | LVCMOS25             |       | 12       | SLOW |              |          |          |
| DAC_OUT1<25>                       | IOB              | OUTPUT    | LVCMOS25             |       | 12       | SLOW |              |          |          |
| DAC_OUT1<26>                       | IOB              | OUTPUT    | LVCMOS25             |       | 12       | SLOW |              |          |          |
| DAC_OUT1<27>                       | IOB              | OUTPUT    | LVCMOS25             |       | 12       | SLOW |              |          |          |
| DAC_OUT1<28>                       | IOB              | OUTPUT    | LVCMOS25             |       | 12       | SLOW |              |          |          |
| DAC_OUT1<29>                       | IOB              | OUTPUT    | LVCMOS25             |       | 12       | SLOW |              |          |          |
| DAC_OUT1<30>                       | IOB              | OUTPUT    | LVCMOS25             |       | 12       | SLOW |              |          |          |
| DAC_OUT1<31>                       | IOB              | OUTPUT    | LVCMOS25             |       | 12       | SLOW |              |          |          |
| DAC_OUT1<32>                       | IOB              | OUTPUT    | LVCMOS25             |       | 12       | SLOW |              |          |          |
| DAC_OUT1<33>                       | IOB              | OUTPUT    | LVCMOS25             |       | 12       | SLOW |              |          |          |
| DAC_OUT1<34>                       | IOB              | OUTPUT    | LVCMOS25             |       | 12       | SLOW |              |          |          |
| DAC_OUT1<35>                       | IOB              | OUTPUT    | LVCMOS25             |       | 12       | SLOW |              |          |          |
| DAC_OUT2<0>                        | IOB              | OUTPUT    | LVCMOS25             |       | 12       | SLOW |              |          |          |
| DAC_OUT2<1>                        | IOB              | OUTPUT    | LVCMOS25             |       | 12       | SLOW |              |          |          |
| DAC_OUT2<2>                        | IOB              | OUTPUT    | LVCMOS25             |       | 12       | SLOW |              |          |          |
| DAC_OUT2<3>                        | IOB              | OUTPUT    | LVCMOS25             |       | 12       | SLOW |              |          |          |
| DAC_OUT2<4>                        | IOB              | OUTPUT    | LVCMOS25             |       | 12       | SLOW |              |          |          |
| DAC_OUT2<5>                        | IOB              | OUTPUT    | LVCMOS25             |       | 12       | SLOW |              |          |          |
| DAC_OUT2<6>                        | IOB              | OUTPUT    | LVCMOS25             |       | 12       | SLOW |              |          |          |
| DAC_OUT2<7>                        | IOB              | OUTPUT    | LVCMOS25             |       | 12       | SLOW |              |          |          |
| DAC_OUT2<8>                        | IOB              | OUTPUT    | LVCMOS25             |       | 12       | SLOW |              |          |          |
| DAC_OUT2<9>                        | IOB              | OUTPUT    | LVCMOS25             |       | 12       | SLOW |              |          |          |
| DAC_OUT2<10>                       | IOB              | OUTPUT    | LVCMOS25             |       | 12       | SLOW |              |          |          |
| DAC_OUT2<11>                       | IOB              | OUTPUT    | LVCMOS25             |       | 12       | SLOW |              |          |          |
| DAC_OUT2<12>                       | IOB              | OUTPUT    | LVCMOS25             |       | 12       | SLOW |              |          |          |
| DAC_OUT2<13>                       | IOB              | OUTPUT    | LVCMOS25             |       | 12       | SLOW |              |          |          |
| DAC_OUT2<14>                       | IOB              | OUTPUT    | LVCMOS25             |       | 12       | SLOW |              |          |          |
| DAC_OUT2<15>                       | IOB              | OUTPUT    | LVCMOS25             |       | 12       | SLOW |              |          |          |
| DAC_OUT2<16>                       | IOB              | OUTPUT    | LVCMOS25             |       | 12       | SLOW |              |          |          |
| DAC_OUT2<17>                       | IOB              | OUTPUT    | LVCMOS25             |       | 12       | SLOW |              |          |          |
| DAC_OUT2<18>                       | IOB              | OUTPUT    | LVCMOS25             |       | 12       | SLOW |              |          |          |
| DAC_OUT2<19>                       | IOB              | OUTPUT    | LVCMOS25             |       | 12       | SLOW |              |          |          |
| DAC_OUT2<20>                       | IOB              | OUTPUT    | LVCMOS25             |       | 12       | SLOW |              |          |          |
| DAC_OUT2<21>                       | IOB              | OUTPUT    | LVCMOS25             |       | 12       | SLOW |              |          |          |
| DAC_OUT2<22>                       | IOB              | OUTPUT    | LVCMOS25             |       | 12       | SLOW |              |          |          |
| DAC_OUT2<23>                       | IOB              | OUTPUT    | LVCMOS25             |       | 12       | SLOW |              |          |          |
| DAC_OUT2<24>                       | IOB              | OUTPUT    | LVCMOS25             |       | 12       | SLOW |              |          |          |
| DAC_OUT2<25>                       | IOB              | OUTPUT    | LVCMOS25             |       | 12       | SLOW |              |          |          |
| DAC_OUT2<26>                       | IOB              | OUTPUT    | LVCMOS25             |       | 12       | SLOW |              |          |          |
| DAC_OUT2<27>                       | IOB              | OUTPUT    | LVCMOS25             |       | 12       | SLOW |              |          |          |
| DAC_OUT2<28>                       | IOB              | OUTPUT    | LVCMOS25             |       | 12       | SLOW |              |          |          |
| DAC_OUT2<29>                       | IOB              | OUTPUT    | LVCMOS25             |       | 12       | SLOW |              |          |          |
| DAC_OUT2<30>                       | IOB              | OUTPUT    | LVCMOS25             |       | 12       | SLOW |              |          |          |
| DAC_OUT2<31>                       | IOB              | OUTPUT    | LVCMOS25             |       | 12       | SLOW |              |          |          |
| DAC_OUT2<32>                       | IOB              | OUTPUT    | LVCMOS25             |       | 12       | SLOW |              |          |          |
| DAC_OUT2<33>                       | IOB              | OUTPUT    | LVCMOS25             |       | 12       | SLOW |              |          |          |
| DAC_OUT2<34>                       | IOB              | OUTPUT    | LVCMOS25             |       | 12       | SLOW |              |          |          |
| DAC_OUT2<35>                       | IOB              | OUTPUT    | LVCMOS25             |       | 12       | SLOW |              |          |          |
| DAC_OUT3<0>                        | IOB              | OUTPUT    | LVCMOS25             |       | 12       | SLOW |              |          |          |
| DAC_OUT3<1>                        | IOB              | OUTPUT    | LVCMOS25             |       | 12       | SLOW |              |          |          |
| DAC_OUT3<2>                        | IOB              | OUTPUT    | LVCMOS25             |       | 12       | SLOW |              |          |          |
| DAC_OUT3<3>                        | IOB              | OUTPUT    | LVCMOS25             |       | 12       | SLOW |              |          |          |
| DAC_OUT3<4>                        | IOB              | OUTPUT    | LVCMOS25             |       | 12       | SLOW |              |          |          |
| DAC_OUT3<5>                        | IOB              | OUTPUT    | LVCMOS25             |       | 12       | SLOW |              |          |          |
| DAC_OUT3<6>                        | IOB              | OUTPUT    | LVCMOS25             |       | 12       | SLOW |              |          |          |
| DAC_OUT3<7>                        | IOB              | OUTPUT    | LVCMOS25             |       | 12       | SLOW |              |          |          |
| DAC_OUT3<8>                        | IOB              | OUTPUT    | LVCMOS25             |       | 12       | SLOW |              |          |          |
| DAC_OUT3<9>                        | IOB              | OUTPUT    | LVCMOS25             |       | 12       | SLOW |              |          |          |
| DAC_OUT3<10>                       | IOB              | OUTPUT    | LVCMOS25             |       | 12       | SLOW |              |          |          |
| DAC_OUT3<11>                       | IOB              | OUTPUT    | LVCMOS25             |       | 12       | SLOW |              |          |          |
| DAC_OUT3<12>                       | IOB              | OUTPUT    | LVCMOS25             |       | 12       | SLOW |              |          |          |
| DAC_OUT3<13>                       | IOB              | OUTPUT    | LVCMOS25             |       | 12       | SLOW |              |          |          |
| DAC_OUT3<14>                       | IOB              | OUTPUT    | LVCMOS25             |       | 12       | SLOW |              |          |          |
| DAC_OUT3<15>                       | IOB              | OUTPUT    | LVCMOS25             |       | 12       | SLOW |              |          |          |
| DAC_OUT3<16>                       | IOB              | OUTPUT    | LVCMOS25             |       | 12       | SLOW |              |          |          |
| DAC_OUT3<17>                       | IOB              | OUTPUT    | LVCMOS25             |       | 12       | SLOW |              |          |          |
| DAC_OUT3<18>                       | IOB              | OUTPUT    | LVCMOS25             |       | 12       | SLOW |              |          |          |
| DAC_OUT3<19>                       | IOB              | OUTPUT    | LVCMOS25             |       | 12       | SLOW |              |          |          |
| DAC_OUT3<20>                       | IOB              | OUTPUT    | LVCMOS25             |       | 12       | SLOW |              |          |          |
| DAC_OUT3<21>                       | IOB              | OUTPUT    | LVCMOS25             |       | 12       | SLOW |              |          |          |
| DAC_OUT3<22>                       | IOB              | OUTPUT    | LVCMOS25             |       | 12       | SLOW |              |          |          |
| DAC_OUT3<23>                       | IOB              | OUTPUT    | LVCMOS25             |       | 12       | SLOW |              |          |          |
| DAC_OUT3<24>                       | IOB              | OUTPUT    | LVCMOS25             |       | 12       | SLOW |              |          |          |
| DAC_OUT3<25>                       | IOB              | OUTPUT    | LVCMOS25             |       | 12       | SLOW |              |          |          |
| DAC_OUT3<26>                       | IOB              | OUTPUT    | LVCMOS25             |       | 12       | SLOW |              |          |          |
| DAC_OUT3<27>                       | IOB              | OUTPUT    | LVCMOS25             |       | 12       | SLOW |              |          |          |
| DAC_OUT3<28>                       | IOB              | OUTPUT    | LVCMOS25             |       | 12       | SLOW |              |          |          |
| DAC_OUT3<29>                       | IOB              | OUTPUT    | LVCMOS25             |       | 12       | SLOW |              |          |          |
| DAC_OUT3<30>                       | IOB              | OUTPUT    | LVCMOS25             |       | 12       | SLOW |              |          |          |
| DAC_OUT3<31>                       | IOB              | OUTPUT    | LVCMOS25             |       | 12       | SLOW |              |          |          |
| DAC_OUT3<32>                       | IOB              | OUTPUT    | LVCMOS25             |       | 12       | SLOW |              |          |          |
| DAC_OUT3<33>                       | IOB              | OUTPUT    | LVCMOS25             |       | 12       | SLOW |              |          |          |
| DAC_OUT3<34>                       | IOB              | OUTPUT    | LVCMOS25             |       | 12       | SLOW |              |          |          |
| DAC_OUT3<35>                       | IOB              | OUTPUT    | LVCMOS25             |       | 12       | SLOW |              |          |          |
| bypass                             | IOB              | INPUT     | LVCMOS25             |       |          |      |              |          |          |
| sys_clk                            | IOB              | INPUT     | LVCMOS25             |       |          |      |              |          |          |
| sys_rst_n                          | IOB              | INPUT     | LVCMOS25             |       |          |      |              |          |          |
+---------------------------------------------------------------------------------------------------------------------------------------------------------+

Section 7 - RPMs
----------------

Section 8 - Guide Report
------------------------
Guide not run on this design.

Section 9 - Area Group and Partition Summary
--------------------------------------------

Partition Implementation Status
-------------------------------

  No Partitions were found in this design.

-------------------------------

Area Group Information
----------------------

  No area groups were found in this design.

----------------------

Section 10 - Timing Report
--------------------------
A logic-level (pre-route) timing report can be generated by using Xilinx static
timing analysis tools, Timing Analyzer (GUI) or TRCE (command line), with the
mapped NCD and PCF files. Please note that this timing report will be generated
using estimated delay information. For accurate numbers, please generate a
timing report with the post Place and Route NCD file.

For more information about the Timing Analyzer, consult the Xilinx Timing
Analyzer Reference Manual; for more information about TRCE, consult the Xilinx
Command Line Tools User Guide "TRACE" chapter.

Section 11 - Configuration String Details
-----------------------------------------
Use the "-detail" map option to print out Configuration Strings

Section 12 - Control Set Information
------------------------------------
Use the "-detail" map option to print out Control Set Information.

Section 13 - Utilization by Hierarchy
-------------------------------------
Use the "-detail" map option to print out the Utilization by Hierarchy section.
