--------------------------------------------------------------------------------
Release 14.7 Trace  (nt)
Copyright (c) 1995-2013 Xilinx, Inc.  All rights reserved.

C:\Xilinx\14.7\ISE_DS\ISE\bin\nt\unwrapped\trce.exe -intstyle ise -v 3 -s 2 -n
3 -fastpaths -xml DUT_topatlys.twx DUT_topatlys.ncd -o DUT_topatlys.twr
DUT_topatlys.pcf

Design file:              DUT_topatlys.ncd
Physical constraint file: DUT_topatlys.pcf
Device,package,speed:     xc6slx45,csg324,C,-2 (PRODUCTION 1.23 2013-10-13)
Report level:             verbose report

Environment Variable      Effect 
--------------------      ------ 
NONE                      No environment variables were set
--------------------------------------------------------------------------------

INFO:Timing:3412 - To improve timing, see the Timing Closure User Guide (UG612).
INFO:Timing:2752 - To get complete path coverage, use the unconstrained paths 
   option. All paths that are not constrained will be reported in the 
   unconstrained paths section(s) of the report.
INFO:Timing:3339 - The clock-to-out numbers in this timing report are based on 
   a 50 Ohm transmission line loading model.  For the details of this model, 
   and for more information on accounting for different loading conditions, 
   please see the device datasheet.

================================================================================
Timing constraint: TS_FPGA_CLK = PERIOD TIMEGRP "TN_CLKIN" 100 MHz HIGH 50%;
For more information, see Period Analysis in the Timing Closure User Guide (UG612).

 0 paths analyzed, 0 endpoints analyzed, 0 failing endpoints
 0 timing errors detected. (0 component switching limit errors)
 Minimum period is   5.340ns.
--------------------------------------------------------------------------------

Component Switching Limit Checks: TS_FPGA_CLK = PERIOD TIMEGRP "TN_CLKIN" 100 MHz HIGH 50%;
--------------------------------------------------------------------------------
Slack: 4.660ns (period - (min low pulse limit / (low pulse / period)))
  Period: 10.000ns
  Low pulse: 5.000ns
  Low pulse limit: 2.670ns (Tdcmpw_CLKIN_100_150)
  Physical resource: u_DUT_topatlys_clock_module_inst/u_DCM_SP/CLKIN
  Logical resource: u_DUT_topatlys_clock_module_inst/u_DCM_SP/CLKIN
  Location pin: DCM_X0Y1.CLKIN
  Clock network: u_DUT_topatlys_clock_module_inst/u_DCM_SP_ML_NEW_DIVCLK
--------------------------------------------------------------------------------
Slack: 4.660ns (period - (min high pulse limit / (high pulse / period)))
  Period: 10.000ns
  High pulse: 5.000ns
  High pulse limit: 2.670ns (Tdcmpw_CLKIN_100_150)
  Physical resource: u_DUT_topatlys_clock_module_inst/u_DCM_SP/CLKIN
  Logical resource: u_DUT_topatlys_clock_module_inst/u_DCM_SP/CLKIN
  Location pin: DCM_X0Y1.CLKIN
  Clock network: u_DUT_topatlys_clock_module_inst/u_DCM_SP_ML_NEW_DIVCLK
--------------------------------------------------------------------------------
Slack: 6.000ns (period - min period limit)
  Period: 10.000ns
  Min period limit: 4.000ns (250.000MHz) (Tdcmper_CLKIN)
  Physical resource: u_DUT_topatlys_clock_module_inst/u_DCM_SP/CLKIN
  Logical resource: u_DUT_topatlys_clock_module_inst/u_DCM_SP/CLKIN
  Location pin: DCM_X0Y1.CLKIN
  Clock network: u_DUT_topatlys_clock_module_inst/u_DCM_SP_ML_NEW_DIVCLK
--------------------------------------------------------------------------------

================================================================================
Timing constraint: TS_u_DUT_topatlys_clock_module_inst_dcm_out = PERIOD TIMEGRP 
        "u_DUT_topatlys_clock_module_inst_dcm_out" TS_FPGA_CLK HIGH 50%;
For more information, see Period Analysis in the Timing Closure User Guide (UG612).

 528 paths analyzed, 108 endpoints analyzed, 0 failing endpoints
 0 timing errors detected. (0 setup errors, 0 hold errors, 0 component switching limit errors)
 Minimum period is   2.666ns.
--------------------------------------------------------------------------------

Paths for end point u_DUT/Counter_Free_Running_out1_30 (SLICE_X58Y43.CIN), 28 paths
--------------------------------------------------------------------------------
Slack (setup path):     7.530ns (requirement - (data path - clock path skew + uncertainty))
  Source:               u_DUT/Counter_Free_Running_out1_0 (FF)
  Destination:          u_DUT/Counter_Free_Running_out1_30 (FF)
  Requirement:          10.000ns
  Data Path Delay:      2.318ns (Levels of Logic = 8)
  Clock Path Skew:      -0.017ns (0.292 - 0.309)
  Source Clock:         clk rising at 0.000ns
  Destination Clock:    clk rising at 10.000ns
  Clock Uncertainty:    0.135ns

  Clock Uncertainty:          0.135ns  ((TSJ^2 + TIJ^2)^1/2 + DJ) / 2 + PE
    Total System Jitter (TSJ):  0.070ns
    Total Input Jitter (TIJ):   0.000ns
    Discrete Jitter (DJ):       0.200ns
    Phase Error (PE):           0.000ns

  Maximum Data Path at Slow Process Corner: u_DUT/Counter_Free_Running_out1_0 to u_DUT/Counter_Free_Running_out1_30
    Location             Delay type         Delay(ns)  Physical Resource
                                                       Logical Resource(s)
    -------------------------------------------------  -------------------
    SLICE_X58Y36.AQ      Tcko                  0.476   u_DUT/Counter_Free_Running_out1<3>
                                                       u_DUT/Counter_Free_Running_out1_0
    SLICE_X58Y36.A5      net (fanout=1)        0.405   u_DUT/Counter_Free_Running_out1<0>
    SLICE_X58Y36.COUT    Topcya                0.472   u_DUT/Counter_Free_Running_out1<3>
                                                       u_DUT/Mcount_Counter_Free_Running_out1_lut<0>_INV_0
                                                       u_DUT/Mcount_Counter_Free_Running_out1_cy<3>
    SLICE_X58Y37.CIN     net (fanout=1)        0.003   u_DUT/Mcount_Counter_Free_Running_out1_cy<3>
    SLICE_X58Y37.COUT    Tbyp                  0.091   u_DUT/Counter_Free_Running_out1<7>
                                                       u_DUT/Mcount_Counter_Free_Running_out1_cy<7>
    SLICE_X58Y38.CIN     net (fanout=1)        0.003   u_DUT/Mcount_Counter_Free_Running_out1_cy<7>
    SLICE_X58Y38.COUT    Tbyp                  0.091   u_DUT/Counter_Free_Running_out1<11>
                                                       u_DUT/Mcount_Counter_Free_Running_out1_cy<11>
    SLICE_X58Y39.CIN     net (fanout=1)        0.003   u_DUT/Mcount_Counter_Free_Running_out1_cy<11>
    SLICE_X58Y39.COUT    Tbyp                  0.091   u_DUT/Counter_Free_Running_out1<15>
                                                       u_DUT/Mcount_Counter_Free_Running_out1_cy<15>
    SLICE_X58Y40.CIN     net (fanout=1)        0.082   u_DUT/Mcount_Counter_Free_Running_out1_cy<15>
    SLICE_X58Y40.COUT    Tbyp                  0.091   u_DUT/Counter_Free_Running_out1<19>
                                                       u_DUT/Mcount_Counter_Free_Running_out1_cy<19>
    SLICE_X58Y41.CIN     net (fanout=1)        0.003   u_DUT/Mcount_Counter_Free_Running_out1_cy<19>
    SLICE_X58Y41.COUT    Tbyp                  0.091   u_DUT/Counter_Free_Running_out1<23>
                                                       u_DUT/Mcount_Counter_Free_Running_out1_cy<23>
    SLICE_X58Y42.CIN     net (fanout=1)        0.003   u_DUT/Mcount_Counter_Free_Running_out1_cy<23>
    SLICE_X58Y42.COUT    Tbyp                  0.091   u_DUT/Counter_Free_Running_out1<27>
                                                       u_DUT/Mcount_Counter_Free_Running_out1_cy<27>
    SLICE_X58Y43.CIN     net (fanout=1)        0.003   u_DUT/Mcount_Counter_Free_Running_out1_cy<27>
    SLICE_X58Y43.CLK     Tcinck                0.319   u_DUT/Counter_Free_Running_out1<31>
                                                       u_DUT/Mcount_Counter_Free_Running_out1_xor<31>
                                                       u_DUT/Counter_Free_Running_out1_30
    -------------------------------------------------  ---------------------------
    Total                                      2.318ns (1.813ns logic, 0.505ns route)
                                                       (78.2% logic, 21.8% route)

--------------------------------------------------------------------------------
Slack (setup path):     7.627ns (requirement - (data path - clock path skew + uncertainty))
  Source:               u_DUT/Counter_Free_Running_out1_4 (FF)
  Destination:          u_DUT/Counter_Free_Running_out1_30 (FF)
  Requirement:          10.000ns
  Data Path Delay:      2.224ns (Levels of Logic = 7)
  Clock Path Skew:      -0.014ns (0.292 - 0.306)
  Source Clock:         clk rising at 0.000ns
  Destination Clock:    clk rising at 10.000ns
  Clock Uncertainty:    0.135ns

  Clock Uncertainty:          0.135ns  ((TSJ^2 + TIJ^2)^1/2 + DJ) / 2 + PE
    Total System Jitter (TSJ):  0.070ns
    Total Input Jitter (TIJ):   0.000ns
    Discrete Jitter (DJ):       0.200ns
    Phase Error (PE):           0.000ns

  Maximum Data Path at Slow Process Corner: u_DUT/Counter_Free_Running_out1_4 to u_DUT/Counter_Free_Running_out1_30
    Location             Delay type         Delay(ns)  Physical Resource
                                                       Logical Resource(s)
    -------------------------------------------------  -------------------
    SLICE_X58Y37.AQ      Tcko                  0.476   u_DUT/Counter_Free_Running_out1<7>
                                                       u_DUT/Counter_Free_Running_out1_4
    SLICE_X58Y37.A5      net (fanout=1)        0.405   u_DUT/Counter_Free_Running_out1<4>
    SLICE_X58Y37.COUT    Topcya                0.472   u_DUT/Counter_Free_Running_out1<7>
                                                       u_DUT/Counter_Free_Running_out1<4>_rt
                                                       u_DUT/Mcount_Counter_Free_Running_out1_cy<7>
    SLICE_X58Y38.CIN     net (fanout=1)        0.003   u_DUT/Mcount_Counter_Free_Running_out1_cy<7>
    SLICE_X58Y38.COUT    Tbyp                  0.091   u_DUT/Counter_Free_Running_out1<11>
                                                       u_DUT/Mcount_Counter_Free_Running_out1_cy<11>
    SLICE_X58Y39.CIN     net (fanout=1)        0.003   u_DUT/Mcount_Counter_Free_Running_out1_cy<11>
    SLICE_X58Y39.COUT    Tbyp                  0.091   u_DUT/Counter_Free_Running_out1<15>
                                                       u_DUT/Mcount_Counter_Free_Running_out1_cy<15>
    SLICE_X58Y40.CIN     net (fanout=1)        0.082   u_DUT/Mcount_Counter_Free_Running_out1_cy<15>
    SLICE_X58Y40.COUT    Tbyp                  0.091   u_DUT/Counter_Free_Running_out1<19>
                                                       u_DUT/Mcount_Counter_Free_Running_out1_cy<19>
    SLICE_X58Y41.CIN     net (fanout=1)        0.003   u_DUT/Mcount_Counter_Free_Running_out1_cy<19>
    SLICE_X58Y41.COUT    Tbyp                  0.091   u_DUT/Counter_Free_Running_out1<23>
                                                       u_DUT/Mcount_Counter_Free_Running_out1_cy<23>
    SLICE_X58Y42.CIN     net (fanout=1)        0.003   u_DUT/Mcount_Counter_Free_Running_out1_cy<23>
    SLICE_X58Y42.COUT    Tbyp                  0.091   u_DUT/Counter_Free_Running_out1<27>
                                                       u_DUT/Mcount_Counter_Free_Running_out1_cy<27>
    SLICE_X58Y43.CIN     net (fanout=1)        0.003   u_DUT/Mcount_Counter_Free_Running_out1_cy<27>
    SLICE_X58Y43.CLK     Tcinck                0.319   u_DUT/Counter_Free_Running_out1<31>
                                                       u_DUT/Mcount_Counter_Free_Running_out1_xor<31>
                                                       u_DUT/Counter_Free_Running_out1_30
    -------------------------------------------------  ---------------------------
    Total                                      2.224ns (1.722ns logic, 0.502ns route)
                                                       (77.4% logic, 22.6% route)

--------------------------------------------------------------------------------
Slack (setup path):     7.657ns (requirement - (data path - clock path skew + uncertainty))
  Source:               u_DUT/Counter_Free_Running_out1_3 (FF)
  Destination:          u_DUT/Counter_Free_Running_out1_30 (FF)
  Requirement:          10.000ns
  Data Path Delay:      2.191ns (Levels of Logic = 8)
  Clock Path Skew:      -0.017ns (0.292 - 0.309)
  Source Clock:         clk rising at 0.000ns
  Destination Clock:    clk rising at 10.000ns
  Clock Uncertainty:    0.135ns

  Clock Uncertainty:          0.135ns  ((TSJ^2 + TIJ^2)^1/2 + DJ) / 2 + PE
    Total System Jitter (TSJ):  0.070ns
    Total Input Jitter (TIJ):   0.000ns
    Discrete Jitter (DJ):       0.200ns
    Phase Error (PE):           0.000ns

  Maximum Data Path at Slow Process Corner: u_DUT/Counter_Free_Running_out1_3 to u_DUT/Counter_Free_Running_out1_30
    Location             Delay type         Delay(ns)  Physical Resource
                                                       Logical Resource(s)
    -------------------------------------------------  -------------------
    SLICE_X58Y36.DQ      Tcko                  0.476   u_DUT/Counter_Free_Running_out1<3>
                                                       u_DUT/Counter_Free_Running_out1_3
    SLICE_X58Y36.D5      net (fanout=1)        0.460   u_DUT/Counter_Free_Running_out1<3>
    SLICE_X58Y36.COUT    Topcyd                0.290   u_DUT/Counter_Free_Running_out1<3>
                                                       u_DUT/Counter_Free_Running_out1<3>_rt
                                                       u_DUT/Mcount_Counter_Free_Running_out1_cy<3>
    SLICE_X58Y37.CIN     net (fanout=1)        0.003   u_DUT/Mcount_Counter_Free_Running_out1_cy<3>
    SLICE_X58Y37.COUT    Tbyp                  0.091   u_DUT/Counter_Free_Running_out1<7>
                                                       u_DUT/Mcount_Counter_Free_Running_out1_cy<7>
    SLICE_X58Y38.CIN     net (fanout=1)        0.003   u_DUT/Mcount_Counter_Free_Running_out1_cy<7>
    SLICE_X58Y38.COUT    Tbyp                  0.091   u_DUT/Counter_Free_Running_out1<11>
                                                       u_DUT/Mcount_Counter_Free_Running_out1_cy<11>
    SLICE_X58Y39.CIN     net (fanout=1)        0.003   u_DUT/Mcount_Counter_Free_Running_out1_cy<11>
    SLICE_X58Y39.COUT    Tbyp                  0.091   u_DUT/Counter_Free_Running_out1<15>
                                                       u_DUT/Mcount_Counter_Free_Running_out1_cy<15>
    SLICE_X58Y40.CIN     net (fanout=1)        0.082   u_DUT/Mcount_Counter_Free_Running_out1_cy<15>
    SLICE_X58Y40.COUT    Tbyp                  0.091   u_DUT/Counter_Free_Running_out1<19>
                                                       u_DUT/Mcount_Counter_Free_Running_out1_cy<19>
    SLICE_X58Y41.CIN     net (fanout=1)        0.003   u_DUT/Mcount_Counter_Free_Running_out1_cy<19>
    SLICE_X58Y41.COUT    Tbyp                  0.091   u_DUT/Counter_Free_Running_out1<23>
                                                       u_DUT/Mcount_Counter_Free_Running_out1_cy<23>
    SLICE_X58Y42.CIN     net (fanout=1)        0.003   u_DUT/Mcount_Counter_Free_Running_out1_cy<23>
    SLICE_X58Y42.COUT    Tbyp                  0.091   u_DUT/Counter_Free_Running_out1<27>
                                                       u_DUT/Mcount_Counter_Free_Running_out1_cy<27>
    SLICE_X58Y43.CIN     net (fanout=1)        0.003   u_DUT/Mcount_Counter_Free_Running_out1_cy<27>
    SLICE_X58Y43.CLK     Tcinck                0.319   u_DUT/Counter_Free_Running_out1<31>
                                                       u_DUT/Mcount_Counter_Free_Running_out1_xor<31>
                                                       u_DUT/Counter_Free_Running_out1_30
    -------------------------------------------------  ---------------------------
    Total                                      2.191ns (1.631ns logic, 0.560ns route)
                                                       (74.4% logic, 25.6% route)

--------------------------------------------------------------------------------

Paths for end point u_DUT/Counter_Free_Running_out1_31 (SLICE_X58Y43.CIN), 28 paths
--------------------------------------------------------------------------------
Slack (setup path):     7.530ns (requirement - (data path - clock path skew + uncertainty))
  Source:               u_DUT/Counter_Free_Running_out1_0 (FF)
  Destination:          u_DUT/Counter_Free_Running_out1_31 (FF)
  Requirement:          10.000ns
  Data Path Delay:      2.318ns (Levels of Logic = 8)
  Clock Path Skew:      -0.017ns (0.292 - 0.309)
  Source Clock:         clk rising at 0.000ns
  Destination Clock:    clk rising at 10.000ns
  Clock Uncertainty:    0.135ns

  Clock Uncertainty:          0.135ns  ((TSJ^2 + TIJ^2)^1/2 + DJ) / 2 + PE
    Total System Jitter (TSJ):  0.070ns
    Total Input Jitter (TIJ):   0.000ns
    Discrete Jitter (DJ):       0.200ns
    Phase Error (PE):           0.000ns

  Maximum Data Path at Slow Process Corner: u_DUT/Counter_Free_Running_out1_0 to u_DUT/Counter_Free_Running_out1_31
    Location             Delay type         Delay(ns)  Physical Resource
                                                       Logical Resource(s)
    -------------------------------------------------  -------------------
    SLICE_X58Y36.AQ      Tcko                  0.476   u_DUT/Counter_Free_Running_out1<3>
                                                       u_DUT/Counter_Free_Running_out1_0
    SLICE_X58Y36.A5      net (fanout=1)        0.405   u_DUT/Counter_Free_Running_out1<0>
    SLICE_X58Y36.COUT    Topcya                0.472   u_DUT/Counter_Free_Running_out1<3>
                                                       u_DUT/Mcount_Counter_Free_Running_out1_lut<0>_INV_0
                                                       u_DUT/Mcount_Counter_Free_Running_out1_cy<3>
    SLICE_X58Y37.CIN     net (fanout=1)        0.003   u_DUT/Mcount_Counter_Free_Running_out1_cy<3>
    SLICE_X58Y37.COUT    Tbyp                  0.091   u_DUT/Counter_Free_Running_out1<7>
                                                       u_DUT/Mcount_Counter_Free_Running_out1_cy<7>
    SLICE_X58Y38.CIN     net (fanout=1)        0.003   u_DUT/Mcount_Counter_Free_Running_out1_cy<7>
    SLICE_X58Y38.COUT    Tbyp                  0.091   u_DUT/Counter_Free_Running_out1<11>
                                                       u_DUT/Mcount_Counter_Free_Running_out1_cy<11>
    SLICE_X58Y39.CIN     net (fanout=1)        0.003   u_DUT/Mcount_Counter_Free_Running_out1_cy<11>
    SLICE_X58Y39.COUT    Tbyp                  0.091   u_DUT/Counter_Free_Running_out1<15>
                                                       u_DUT/Mcount_Counter_Free_Running_out1_cy<15>
    SLICE_X58Y40.CIN     net (fanout=1)        0.082   u_DUT/Mcount_Counter_Free_Running_out1_cy<15>
    SLICE_X58Y40.COUT    Tbyp                  0.091   u_DUT/Counter_Free_Running_out1<19>
                                                       u_DUT/Mcount_Counter_Free_Running_out1_cy<19>
    SLICE_X58Y41.CIN     net (fanout=1)        0.003   u_DUT/Mcount_Counter_Free_Running_out1_cy<19>
    SLICE_X58Y41.COUT    Tbyp                  0.091   u_DUT/Counter_Free_Running_out1<23>
                                                       u_DUT/Mcount_Counter_Free_Running_out1_cy<23>
    SLICE_X58Y42.CIN     net (fanout=1)        0.003   u_DUT/Mcount_Counter_Free_Running_out1_cy<23>
    SLICE_X58Y42.COUT    Tbyp                  0.091   u_DUT/Counter_Free_Running_out1<27>
                                                       u_DUT/Mcount_Counter_Free_Running_out1_cy<27>
    SLICE_X58Y43.CIN     net (fanout=1)        0.003   u_DUT/Mcount_Counter_Free_Running_out1_cy<27>
    SLICE_X58Y43.CLK     Tcinck                0.319   u_DUT/Counter_Free_Running_out1<31>
                                                       u_DUT/Mcount_Counter_Free_Running_out1_xor<31>
                                                       u_DUT/Counter_Free_Running_out1_31
    -------------------------------------------------  ---------------------------
    Total                                      2.318ns (1.813ns logic, 0.505ns route)
                                                       (78.2% logic, 21.8% route)

--------------------------------------------------------------------------------
Slack (setup path):     7.627ns (requirement - (data path - clock path skew + uncertainty))
  Source:               u_DUT/Counter_Free_Running_out1_4 (FF)
  Destination:          u_DUT/Counter_Free_Running_out1_31 (FF)
  Requirement:          10.000ns
  Data Path Delay:      2.224ns (Levels of Logic = 7)
  Clock Path Skew:      -0.014ns (0.292 - 0.306)
  Source Clock:         clk rising at 0.000ns
  Destination Clock:    clk rising at 10.000ns
  Clock Uncertainty:    0.135ns

  Clock Uncertainty:          0.135ns  ((TSJ^2 + TIJ^2)^1/2 + DJ) / 2 + PE
    Total System Jitter (TSJ):  0.070ns
    Total Input Jitter (TIJ):   0.000ns
    Discrete Jitter (DJ):       0.200ns
    Phase Error (PE):           0.000ns

  Maximum Data Path at Slow Process Corner: u_DUT/Counter_Free_Running_out1_4 to u_DUT/Counter_Free_Running_out1_31
    Location             Delay type         Delay(ns)  Physical Resource
                                                       Logical Resource(s)
    -------------------------------------------------  -------------------
    SLICE_X58Y37.AQ      Tcko                  0.476   u_DUT/Counter_Free_Running_out1<7>
                                                       u_DUT/Counter_Free_Running_out1_4
    SLICE_X58Y37.A5      net (fanout=1)        0.405   u_DUT/Counter_Free_Running_out1<4>
    SLICE_X58Y37.COUT    Topcya                0.472   u_DUT/Counter_Free_Running_out1<7>
                                                       u_DUT/Counter_Free_Running_out1<4>_rt
                                                       u_DUT/Mcount_Counter_Free_Running_out1_cy<7>
    SLICE_X58Y38.CIN     net (fanout=1)        0.003   u_DUT/Mcount_Counter_Free_Running_out1_cy<7>
    SLICE_X58Y38.COUT    Tbyp                  0.091   u_DUT/Counter_Free_Running_out1<11>
                                                       u_DUT/Mcount_Counter_Free_Running_out1_cy<11>
    SLICE_X58Y39.CIN     net (fanout=1)        0.003   u_DUT/Mcount_Counter_Free_Running_out1_cy<11>
    SLICE_X58Y39.COUT    Tbyp                  0.091   u_DUT/Counter_Free_Running_out1<15>
                                                       u_DUT/Mcount_Counter_Free_Running_out1_cy<15>
    SLICE_X58Y40.CIN     net (fanout=1)        0.082   u_DUT/Mcount_Counter_Free_Running_out1_cy<15>
    SLICE_X58Y40.COUT    Tbyp                  0.091   u_DUT/Counter_Free_Running_out1<19>
                                                       u_DUT/Mcount_Counter_Free_Running_out1_cy<19>
    SLICE_X58Y41.CIN     net (fanout=1)        0.003   u_DUT/Mcount_Counter_Free_Running_out1_cy<19>
    SLICE_X58Y41.COUT    Tbyp                  0.091   u_DUT/Counter_Free_Running_out1<23>
                                                       u_DUT/Mcount_Counter_Free_Running_out1_cy<23>
    SLICE_X58Y42.CIN     net (fanout=1)        0.003   u_DUT/Mcount_Counter_Free_Running_out1_cy<23>
    SLICE_X58Y42.COUT    Tbyp                  0.091   u_DUT/Counter_Free_Running_out1<27>
                                                       u_DUT/Mcount_Counter_Free_Running_out1_cy<27>
    SLICE_X58Y43.CIN     net (fanout=1)        0.003   u_DUT/Mcount_Counter_Free_Running_out1_cy<27>
    SLICE_X58Y43.CLK     Tcinck                0.319   u_DUT/Counter_Free_Running_out1<31>
                                                       u_DUT/Mcount_Counter_Free_Running_out1_xor<31>
                                                       u_DUT/Counter_Free_Running_out1_31
    -------------------------------------------------  ---------------------------
    Total                                      2.224ns (1.722ns logic, 0.502ns route)
                                                       (77.4% logic, 22.6% route)

--------------------------------------------------------------------------------
Slack (setup path):     7.657ns (requirement - (data path - clock path skew + uncertainty))
  Source:               u_DUT/Counter_Free_Running_out1_3 (FF)
  Destination:          u_DUT/Counter_Free_Running_out1_31 (FF)
  Requirement:          10.000ns
  Data Path Delay:      2.191ns (Levels of Logic = 8)
  Clock Path Skew:      -0.017ns (0.292 - 0.309)
  Source Clock:         clk rising at 0.000ns
  Destination Clock:    clk rising at 10.000ns
  Clock Uncertainty:    0.135ns

  Clock Uncertainty:          0.135ns  ((TSJ^2 + TIJ^2)^1/2 + DJ) / 2 + PE
    Total System Jitter (TSJ):  0.070ns
    Total Input Jitter (TIJ):   0.000ns
    Discrete Jitter (DJ):       0.200ns
    Phase Error (PE):           0.000ns

  Maximum Data Path at Slow Process Corner: u_DUT/Counter_Free_Running_out1_3 to u_DUT/Counter_Free_Running_out1_31
    Location             Delay type         Delay(ns)  Physical Resource
                                                       Logical Resource(s)
    -------------------------------------------------  -------------------
    SLICE_X58Y36.DQ      Tcko                  0.476   u_DUT/Counter_Free_Running_out1<3>
                                                       u_DUT/Counter_Free_Running_out1_3
    SLICE_X58Y36.D5      net (fanout=1)        0.460   u_DUT/Counter_Free_Running_out1<3>
    SLICE_X58Y36.COUT    Topcyd                0.290   u_DUT/Counter_Free_Running_out1<3>
                                                       u_DUT/Counter_Free_Running_out1<3>_rt
                                                       u_DUT/Mcount_Counter_Free_Running_out1_cy<3>
    SLICE_X58Y37.CIN     net (fanout=1)        0.003   u_DUT/Mcount_Counter_Free_Running_out1_cy<3>
    SLICE_X58Y37.COUT    Tbyp                  0.091   u_DUT/Counter_Free_Running_out1<7>
                                                       u_DUT/Mcount_Counter_Free_Running_out1_cy<7>
    SLICE_X58Y38.CIN     net (fanout=1)        0.003   u_DUT/Mcount_Counter_Free_Running_out1_cy<7>
    SLICE_X58Y38.COUT    Tbyp                  0.091   u_DUT/Counter_Free_Running_out1<11>
                                                       u_DUT/Mcount_Counter_Free_Running_out1_cy<11>
    SLICE_X58Y39.CIN     net (fanout=1)        0.003   u_DUT/Mcount_Counter_Free_Running_out1_cy<11>
    SLICE_X58Y39.COUT    Tbyp                  0.091   u_DUT/Counter_Free_Running_out1<15>
                                                       u_DUT/Mcount_Counter_Free_Running_out1_cy<15>
    SLICE_X58Y40.CIN     net (fanout=1)        0.082   u_DUT/Mcount_Counter_Free_Running_out1_cy<15>
    SLICE_X58Y40.COUT    Tbyp                  0.091   u_DUT/Counter_Free_Running_out1<19>
                                                       u_DUT/Mcount_Counter_Free_Running_out1_cy<19>
    SLICE_X58Y41.CIN     net (fanout=1)        0.003   u_DUT/Mcount_Counter_Free_Running_out1_cy<19>
    SLICE_X58Y41.COUT    Tbyp                  0.091   u_DUT/Counter_Free_Running_out1<23>
                                                       u_DUT/Mcount_Counter_Free_Running_out1_cy<23>
    SLICE_X58Y42.CIN     net (fanout=1)        0.003   u_DUT/Mcount_Counter_Free_Running_out1_cy<23>
    SLICE_X58Y42.COUT    Tbyp                  0.091   u_DUT/Counter_Free_Running_out1<27>
                                                       u_DUT/Mcount_Counter_Free_Running_out1_cy<27>
    SLICE_X58Y43.CIN     net (fanout=1)        0.003   u_DUT/Mcount_Counter_Free_Running_out1_cy<27>
    SLICE_X58Y43.CLK     Tcinck                0.319   u_DUT/Counter_Free_Running_out1<31>
                                                       u_DUT/Mcount_Counter_Free_Running_out1_xor<31>
                                                       u_DUT/Counter_Free_Running_out1_31
    -------------------------------------------------  ---------------------------
    Total                                      2.191ns (1.631ns logic, 0.560ns route)
                                                       (74.4% logic, 25.6% route)

--------------------------------------------------------------------------------

Paths for end point u_DUT/Counter_Free_Running_out1_29 (SLICE_X58Y43.CIN), 28 paths
--------------------------------------------------------------------------------
Slack (setup path):     7.542ns (requirement - (data path - clock path skew + uncertainty))
  Source:               u_DUT/Counter_Free_Running_out1_0 (FF)
  Destination:          u_DUT/Counter_Free_Running_out1_29 (FF)
  Requirement:          10.000ns
  Data Path Delay:      2.306ns (Levels of Logic = 8)
  Clock Path Skew:      -0.017ns (0.292 - 0.309)
  Source Clock:         clk rising at 0.000ns
  Destination Clock:    clk rising at 10.000ns
  Clock Uncertainty:    0.135ns

  Clock Uncertainty:          0.135ns  ((TSJ^2 + TIJ^2)^1/2 + DJ) / 2 + PE
    Total System Jitter (TSJ):  0.070ns
    Total Input Jitter (TIJ):   0.000ns
    Discrete Jitter (DJ):       0.200ns
    Phase Error (PE):           0.000ns

  Maximum Data Path at Slow Process Corner: u_DUT/Counter_Free_Running_out1_0 to u_DUT/Counter_Free_Running_out1_29
    Location             Delay type         Delay(ns)  Physical Resource
                                                       Logical Resource(s)
    -------------------------------------------------  -------------------
    SLICE_X58Y36.AQ      Tcko                  0.476   u_DUT/Counter_Free_Running_out1<3>
                                                       u_DUT/Counter_Free_Running_out1_0
    SLICE_X58Y36.A5      net (fanout=1)        0.405   u_DUT/Counter_Free_Running_out1<0>
    SLICE_X58Y36.COUT    Topcya                0.472   u_DUT/Counter_Free_Running_out1<3>
                                                       u_DUT/Mcount_Counter_Free_Running_out1_lut<0>_INV_0
                                                       u_DUT/Mcount_Counter_Free_Running_out1_cy<3>
    SLICE_X58Y37.CIN     net (fanout=1)        0.003   u_DUT/Mcount_Counter_Free_Running_out1_cy<3>
    SLICE_X58Y37.COUT    Tbyp                  0.091   u_DUT/Counter_Free_Running_out1<7>
                                                       u_DUT/Mcount_Counter_Free_Running_out1_cy<7>
    SLICE_X58Y38.CIN     net (fanout=1)        0.003   u_DUT/Mcount_Counter_Free_Running_out1_cy<7>
    SLICE_X58Y38.COUT    Tbyp                  0.091   u_DUT/Counter_Free_Running_out1<11>
                                                       u_DUT/Mcount_Counter_Free_Running_out1_cy<11>
    SLICE_X58Y39.CIN     net (fanout=1)        0.003   u_DUT/Mcount_Counter_Free_Running_out1_cy<11>
    SLICE_X58Y39.COUT    Tbyp                  0.091   u_DUT/Counter_Free_Running_out1<15>
                                                       u_DUT/Mcount_Counter_Free_Running_out1_cy<15>
    SLICE_X58Y40.CIN     net (fanout=1)        0.082   u_DUT/Mcount_Counter_Free_Running_out1_cy<15>
    SLICE_X58Y40.COUT    Tbyp                  0.091   u_DUT/Counter_Free_Running_out1<19>
                                                       u_DUT/Mcount_Counter_Free_Running_out1_cy<19>
    SLICE_X58Y41.CIN     net (fanout=1)        0.003   u_DUT/Mcount_Counter_Free_Running_out1_cy<19>
    SLICE_X58Y41.COUT    Tbyp                  0.091   u_DUT/Counter_Free_Running_out1<23>
                                                       u_DUT/Mcount_Counter_Free_Running_out1_cy<23>
    SLICE_X58Y42.CIN     net (fanout=1)        0.003   u_DUT/Mcount_Counter_Free_Running_out1_cy<23>
    SLICE_X58Y42.COUT    Tbyp                  0.091   u_DUT/Counter_Free_Running_out1<27>
                                                       u_DUT/Mcount_Counter_Free_Running_out1_cy<27>
    SLICE_X58Y43.CIN     net (fanout=1)        0.003   u_DUT/Mcount_Counter_Free_Running_out1_cy<27>
    SLICE_X58Y43.CLK     Tcinck                0.307   u_DUT/Counter_Free_Running_out1<31>
                                                       u_DUT/Mcount_Counter_Free_Running_out1_xor<31>
                                                       u_DUT/Counter_Free_Running_out1_29
    -------------------------------------------------  ---------------------------
    Total                                      2.306ns (1.801ns logic, 0.505ns route)
                                                       (78.1% logic, 21.9% route)

--------------------------------------------------------------------------------
Slack (setup path):     7.639ns (requirement - (data path - clock path skew + uncertainty))
  Source:               u_DUT/Counter_Free_Running_out1_4 (FF)
  Destination:          u_DUT/Counter_Free_Running_out1_29 (FF)
  Requirement:          10.000ns
  Data Path Delay:      2.212ns (Levels of Logic = 7)
  Clock Path Skew:      -0.014ns (0.292 - 0.306)
  Source Clock:         clk rising at 0.000ns
  Destination Clock:    clk rising at 10.000ns
  Clock Uncertainty:    0.135ns

  Clock Uncertainty:          0.135ns  ((TSJ^2 + TIJ^2)^1/2 + DJ) / 2 + PE
    Total System Jitter (TSJ):  0.070ns
    Total Input Jitter (TIJ):   0.000ns
    Discrete Jitter (DJ):       0.200ns
    Phase Error (PE):           0.000ns

  Maximum Data Path at Slow Process Corner: u_DUT/Counter_Free_Running_out1_4 to u_DUT/Counter_Free_Running_out1_29
    Location             Delay type         Delay(ns)  Physical Resource
                                                       Logical Resource(s)
    -------------------------------------------------  -------------------
    SLICE_X58Y37.AQ      Tcko                  0.476   u_DUT/Counter_Free_Running_out1<7>
                                                       u_DUT/Counter_Free_Running_out1_4
    SLICE_X58Y37.A5      net (fanout=1)        0.405   u_DUT/Counter_Free_Running_out1<4>
    SLICE_X58Y37.COUT    Topcya                0.472   u_DUT/Counter_Free_Running_out1<7>
                                                       u_DUT/Counter_Free_Running_out1<4>_rt
                                                       u_DUT/Mcount_Counter_Free_Running_out1_cy<7>
    SLICE_X58Y38.CIN     net (fanout=1)        0.003   u_DUT/Mcount_Counter_Free_Running_out1_cy<7>
    SLICE_X58Y38.COUT    Tbyp                  0.091   u_DUT/Counter_Free_Running_out1<11>
                                                       u_DUT/Mcount_Counter_Free_Running_out1_cy<11>
    SLICE_X58Y39.CIN     net (fanout=1)        0.003   u_DUT/Mcount_Counter_Free_Running_out1_cy<11>
    SLICE_X58Y39.COUT    Tbyp                  0.091   u_DUT/Counter_Free_Running_out1<15>
                                                       u_DUT/Mcount_Counter_Free_Running_out1_cy<15>
    SLICE_X58Y40.CIN     net (fanout=1)        0.082   u_DUT/Mcount_Counter_Free_Running_out1_cy<15>
    SLICE_X58Y40.COUT    Tbyp                  0.091   u_DUT/Counter_Free_Running_out1<19>
                                                       u_DUT/Mcount_Counter_Free_Running_out1_cy<19>
    SLICE_X58Y41.CIN     net (fanout=1)        0.003   u_DUT/Mcount_Counter_Free_Running_out1_cy<19>
    SLICE_X58Y41.COUT    Tbyp                  0.091   u_DUT/Counter_Free_Running_out1<23>
                                                       u_DUT/Mcount_Counter_Free_Running_out1_cy<23>
    SLICE_X58Y42.CIN     net (fanout=1)        0.003   u_DUT/Mcount_Counter_Free_Running_out1_cy<23>
    SLICE_X58Y42.COUT    Tbyp                  0.091   u_DUT/Counter_Free_Running_out1<27>
                                                       u_DUT/Mcount_Counter_Free_Running_out1_cy<27>
    SLICE_X58Y43.CIN     net (fanout=1)        0.003   u_DUT/Mcount_Counter_Free_Running_out1_cy<27>
    SLICE_X58Y43.CLK     Tcinck                0.307   u_DUT/Counter_Free_Running_out1<31>
                                                       u_DUT/Mcount_Counter_Free_Running_out1_xor<31>
                                                       u_DUT/Counter_Free_Running_out1_29
    -------------------------------------------------  ---------------------------
    Total                                      2.212ns (1.710ns logic, 0.502ns route)
                                                       (77.3% logic, 22.7% route)

--------------------------------------------------------------------------------
Slack (setup path):     7.669ns (requirement - (data path - clock path skew + uncertainty))
  Source:               u_DUT/Counter_Free_Running_out1_3 (FF)
  Destination:          u_DUT/Counter_Free_Running_out1_29 (FF)
  Requirement:          10.000ns
  Data Path Delay:      2.179ns (Levels of Logic = 8)
  Clock Path Skew:      -0.017ns (0.292 - 0.309)
  Source Clock:         clk rising at 0.000ns
  Destination Clock:    clk rising at 10.000ns
  Clock Uncertainty:    0.135ns

  Clock Uncertainty:          0.135ns  ((TSJ^2 + TIJ^2)^1/2 + DJ) / 2 + PE
    Total System Jitter (TSJ):  0.070ns
    Total Input Jitter (TIJ):   0.000ns
    Discrete Jitter (DJ):       0.200ns
    Phase Error (PE):           0.000ns

  Maximum Data Path at Slow Process Corner: u_DUT/Counter_Free_Running_out1_3 to u_DUT/Counter_Free_Running_out1_29
    Location             Delay type         Delay(ns)  Physical Resource
                                                       Logical Resource(s)
    -------------------------------------------------  -------------------
    SLICE_X58Y36.DQ      Tcko                  0.476   u_DUT/Counter_Free_Running_out1<3>
                                                       u_DUT/Counter_Free_Running_out1_3
    SLICE_X58Y36.D5      net (fanout=1)        0.460   u_DUT/Counter_Free_Running_out1<3>
    SLICE_X58Y36.COUT    Topcyd                0.290   u_DUT/Counter_Free_Running_out1<3>
                                                       u_DUT/Counter_Free_Running_out1<3>_rt
                                                       u_DUT/Mcount_Counter_Free_Running_out1_cy<3>
    SLICE_X58Y37.CIN     net (fanout=1)        0.003   u_DUT/Mcount_Counter_Free_Running_out1_cy<3>
    SLICE_X58Y37.COUT    Tbyp                  0.091   u_DUT/Counter_Free_Running_out1<7>
                                                       u_DUT/Mcount_Counter_Free_Running_out1_cy<7>
    SLICE_X58Y38.CIN     net (fanout=1)        0.003   u_DUT/Mcount_Counter_Free_Running_out1_cy<7>
    SLICE_X58Y38.COUT    Tbyp                  0.091   u_DUT/Counter_Free_Running_out1<11>
                                                       u_DUT/Mcount_Counter_Free_Running_out1_cy<11>
    SLICE_X58Y39.CIN     net (fanout=1)        0.003   u_DUT/Mcount_Counter_Free_Running_out1_cy<11>
    SLICE_X58Y39.COUT    Tbyp                  0.091   u_DUT/Counter_Free_Running_out1<15>
                                                       u_DUT/Mcount_Counter_Free_Running_out1_cy<15>
    SLICE_X58Y40.CIN     net (fanout=1)        0.082   u_DUT/Mcount_Counter_Free_Running_out1_cy<15>
    SLICE_X58Y40.COUT    Tbyp                  0.091   u_DUT/Counter_Free_Running_out1<19>
                                                       u_DUT/Mcount_Counter_Free_Running_out1_cy<19>
    SLICE_X58Y41.CIN     net (fanout=1)        0.003   u_DUT/Mcount_Counter_Free_Running_out1_cy<19>
    SLICE_X58Y41.COUT    Tbyp                  0.091   u_DUT/Counter_Free_Running_out1<23>
                                                       u_DUT/Mcount_Counter_Free_Running_out1_cy<23>
    SLICE_X58Y42.CIN     net (fanout=1)        0.003   u_DUT/Mcount_Counter_Free_Running_out1_cy<23>
    SLICE_X58Y42.COUT    Tbyp                  0.091   u_DUT/Counter_Free_Running_out1<27>
                                                       u_DUT/Mcount_Counter_Free_Running_out1_cy<27>
    SLICE_X58Y43.CIN     net (fanout=1)        0.003   u_DUT/Mcount_Counter_Free_Running_out1_cy<27>
    SLICE_X58Y43.CLK     Tcinck                0.307   u_DUT/Counter_Free_Running_out1<31>
                                                       u_DUT/Mcount_Counter_Free_Running_out1_xor<31>
                                                       u_DUT/Counter_Free_Running_out1_29
    -------------------------------------------------  ---------------------------
    Total                                      2.179ns (1.619ns logic, 0.560ns route)
                                                       (74.3% logic, 25.7% route)

--------------------------------------------------------------------------------

Hold Paths: TS_u_DUT_topatlys_clock_module_inst_dcm_out = PERIOD TIMEGRP
        "u_DUT_topatlys_clock_module_inst_dcm_out" TS_FPGA_CLK HIGH 50%;
--------------------------------------------------------------------------------

Paths for end point u_DUT/Counter_Free_Running_out1_31 (SLICE_X58Y43.D6), 1 path
--------------------------------------------------------------------------------
Slack (hold path):      0.464ns (requirement - (clock path skew + uncertainty - data path))
  Source:               u_DUT/Counter_Free_Running_out1_31 (FF)
  Destination:          u_DUT/Counter_Free_Running_out1_31 (FF)
  Requirement:          0.000ns
  Data Path Delay:      0.464ns (Levels of Logic = 1)
  Clock Path Skew:      0.000ns
  Source Clock:         clk rising at 10.000ns
  Destination Clock:    clk rising at 10.000ns
  Clock Uncertainty:    0.000ns

  Minimum Data Path at Fast Process Corner: u_DUT/Counter_Free_Running_out1_31 to u_DUT/Counter_Free_Running_out1_31
    Location             Delay type         Delay(ns)  Physical Resource
                                                       Logical Resource(s)
    -------------------------------------------------  -------------------
    SLICE_X58Y43.DQ      Tcko                  0.200   u_DUT/Counter_Free_Running_out1<31>
                                                       u_DUT/Counter_Free_Running_out1_31
    SLICE_X58Y43.D6      net (fanout=2)        0.027   u_DUT/Counter_Free_Running_out1<31>
    SLICE_X58Y43.CLK     Tah         (-Th)    -0.237   u_DUT/Counter_Free_Running_out1<31>
                                                       u_DUT/Counter_Free_Running_out1<31>_rt
                                                       u_DUT/Mcount_Counter_Free_Running_out1_xor<31>
                                                       u_DUT/Counter_Free_Running_out1_31
    -------------------------------------------------  ---------------------------
    Total                                      0.464ns (0.437ns logic, 0.027ns route)
                                                       (94.2% logic, 5.8% route)

--------------------------------------------------------------------------------

Paths for end point u_DUT/Counter_Free_Running_out1_1 (SLICE_X58Y36.B5), 1 path
--------------------------------------------------------------------------------
Slack (hold path):      0.505ns (requirement - (clock path skew + uncertainty - data path))
  Source:               u_DUT/Counter_Free_Running_out1_1 (FF)
  Destination:          u_DUT/Counter_Free_Running_out1_1 (FF)
  Requirement:          0.000ns
  Data Path Delay:      0.505ns (Levels of Logic = 1)
  Clock Path Skew:      0.000ns
  Source Clock:         clk rising at 10.000ns
  Destination Clock:    clk rising at 10.000ns
  Clock Uncertainty:    0.000ns

  Minimum Data Path at Fast Process Corner: u_DUT/Counter_Free_Running_out1_1 to u_DUT/Counter_Free_Running_out1_1
    Location             Delay type         Delay(ns)  Physical Resource
                                                       Logical Resource(s)
    -------------------------------------------------  -------------------
    SLICE_X58Y36.BQ      Tcko                  0.200   u_DUT/Counter_Free_Running_out1<3>
                                                       u_DUT/Counter_Free_Running_out1_1
    SLICE_X58Y36.B5      net (fanout=1)        0.071   u_DUT/Counter_Free_Running_out1<1>
    SLICE_X58Y36.CLK     Tah         (-Th)    -0.234   u_DUT/Counter_Free_Running_out1<3>
                                                       u_DUT/Counter_Free_Running_out1<1>_rt
                                                       u_DUT/Mcount_Counter_Free_Running_out1_cy<3>
                                                       u_DUT/Counter_Free_Running_out1_1
    -------------------------------------------------  ---------------------------
    Total                                      0.505ns (0.434ns logic, 0.071ns route)
                                                       (85.9% logic, 14.1% route)

--------------------------------------------------------------------------------

Paths for end point u_DUT/Counter_Free_Running_out1_5 (SLICE_X58Y37.B5), 1 path
--------------------------------------------------------------------------------
Slack (hold path):      0.505ns (requirement - (clock path skew + uncertainty - data path))
  Source:               u_DUT/Counter_Free_Running_out1_5 (FF)
  Destination:          u_DUT/Counter_Free_Running_out1_5 (FF)
  Requirement:          0.000ns
  Data Path Delay:      0.505ns (Levels of Logic = 1)
  Clock Path Skew:      0.000ns
  Source Clock:         clk rising at 10.000ns
  Destination Clock:    clk rising at 10.000ns
  Clock Uncertainty:    0.000ns

  Minimum Data Path at Fast Process Corner: u_DUT/Counter_Free_Running_out1_5 to u_DUT/Counter_Free_Running_out1_5
    Location             Delay type         Delay(ns)  Physical Resource
                                                       Logical Resource(s)
    -------------------------------------------------  -------------------
    SLICE_X58Y37.BQ      Tcko                  0.200   u_DUT/Counter_Free_Running_out1<7>
                                                       u_DUT/Counter_Free_Running_out1_5
    SLICE_X58Y37.B5      net (fanout=1)        0.071   u_DUT/Counter_Free_Running_out1<5>
    SLICE_X58Y37.CLK     Tah         (-Th)    -0.234   u_DUT/Counter_Free_Running_out1<7>
                                                       u_DUT/Counter_Free_Running_out1<5>_rt
                                                       u_DUT/Mcount_Counter_Free_Running_out1_cy<7>
                                                       u_DUT/Counter_Free_Running_out1_5
    -------------------------------------------------  ---------------------------
    Total                                      0.505ns (0.434ns logic, 0.071ns route)
                                                       (85.9% logic, 14.1% route)

--------------------------------------------------------------------------------

Component Switching Limit Checks: TS_u_DUT_topatlys_clock_module_inst_dcm_out = PERIOD TIMEGRP
        "u_DUT_topatlys_clock_module_inst_dcm_out" TS_FPGA_CLK HIGH 50%;
--------------------------------------------------------------------------------
Slack: 7.334ns (period - min period limit)
  Period: 10.000ns
  Min period limit: 2.666ns (375.094MHz) (Tbcper_I)
  Physical resource: u_DUT_topatlys_clock_module_inst/u_BUFG/I0
  Logical resource: u_DUT_topatlys_clock_module_inst/u_BUFG/I0
  Location pin: BUFGMUX_X2Y3.I0
  Clock network: u_DUT_topatlys_clock_module_inst/dcm_out
--------------------------------------------------------------------------------
Slack: 9.524ns (period - (min high pulse limit / (high pulse / period)))
  Period: 10.000ns
  High pulse: 5.000ns
  High pulse limit: 0.238ns (Trpw)
  Physical resource: u_DUT/Counter_Free_Running_out1<3>/SR
  Logical resource: u_DUT/Counter_Free_Running_out1_0/SR
  Location pin: SLICE_X58Y36.SR
  Clock network: reset
--------------------------------------------------------------------------------
Slack: 9.524ns (period - (min high pulse limit / (high pulse / period)))
  Period: 10.000ns
  High pulse: 5.000ns
  High pulse limit: 0.238ns (Trpw)
  Physical resource: u_DUT/Counter_Free_Running_out1<3>/SR
  Logical resource: u_DUT/Counter_Free_Running_out1_1/SR
  Location pin: SLICE_X58Y36.SR
  Clock network: reset
--------------------------------------------------------------------------------


Derived Constraint Report
Derived Constraints for TS_FPGA_CLK
+-------------------------------+-------------+-------------+-------------+-------------+-------------+-------------+-------------+
|                               |   Period    |       Actual Period       |      Timing Errors        |      Paths Analyzed       |
|           Constraint          | Requirement |-------------+-------------|-------------+-------------|-------------+-------------|
|                               |             |   Direct    | Derivative  |   Direct    | Derivative  |   Direct    | Derivative  |
+-------------------------------+-------------+-------------+-------------+-------------+-------------+-------------+-------------+
|TS_FPGA_CLK                    |     10.000ns|      5.340ns|      2.666ns|            0|            0|            0|          528|
| TS_u_DUT_topatlys_clock_module|     10.000ns|      2.666ns|          N/A|            0|            0|          528|            0|
| _inst_dcm_out                 |             |             |             |             |             |             |             |
+-------------------------------+-------------+-------------+-------------+-------------+-------------+-------------+-------------+

All constraints were met.


Data Sheet report:
-----------------
All values displayed in nanoseconds (ns)

Clock to Setup on destination clock CLKIN
---------------+---------+---------+---------+---------+
               | Src:Rise| Src:Fall| Src:Rise| Src:Fall|
Source Clock   |Dest:Rise|Dest:Rise|Dest:Fall|Dest:Fall|
---------------+---------+---------+---------+---------+
CLKIN          |    2.470|         |         |         |
---------------+---------+---------+---------+---------+


Timing summary:
---------------

Timing errors: 0  Score: 0  (Setup/Max: 0, Hold: 0)

Constraints cover 528 paths, 0 nets, and 52 connections

Design statistics:
   Minimum period:   5.340ns{1}   (Maximum frequency: 187.266MHz)


------------------------------------Footnotes-----------------------------------
1)  The minimum period statistic assumes all single cycle delays.

Analysis completed Thu Dec 28 22:03:00 2017 
--------------------------------------------------------------------------------

Trace Settings:
-------------------------
Trace Settings 

Peak Memory Usage: 245 MB



