if { [catch {vsimulink trigonometric_function_generator -t 1ps -voptargs=+acc  } errmsg] } {
    echo "Loading simulation and HDL Verifier library failed."; 
    echo $errmsg; 
    quit -f; 
}
# //  ModelSim PE Student Edition 10.4a Apr  7 2015 
# //
# //  Copyright 1991-2015 Mentor Graphics Corporation
# //  All Rights Reserved.
# //
# //  THIS WORK CONTAINS TRADE SECRET AND PROPRIETARY INFORMATION
# //  WHICH IS THE PROPERTY OF MENTOR GRAPHICS CORPORATION OR ITS
# //  LICENSORS AND IS SUBJECT TO LICENSE TERMS.
# //  THIS DOCUMENT CONTAINS TRADE SECRETS AND COMMERCIAL OR FINANCIAL
# //  INFORMATION THAT ARE PRIVILEGED, CONFIDENTIAL, AND EXEMPT FROM
# //  DISCLOSURE UNDER THE FREEDOM OF INFORMATION ACT, 5 U.S.C. SECTION 552.
# //  FURTHERMORE, THIS INFORMATION IS PROHIBITED FROM DISCLOSURE UNDER
# //  THE TRADE SECRETS ACT, 18 U.S.C. SECTION 1905.
# //
# // NOT FOR CORPORATE OR PRODUCTION USE.
# // THE ModelSim PE Student Edition IS NOT A SUPPORTED PRODUCT.
# // FOR HIGHER EDUCATION PURPOSES ONLY
# //
# vsim 
# Start time: 22:21:17 on Jan 08,2018
# Loading std.standard
# Loading std.textio(body)
# Loading ieee.std_logic_1164(body)
# Loading ieee.numeric_std(body)
# Loading ieee.math_real(body)
# Loading work.fixed_float_types
# Loading work.fixed_pkg(body)
# Loading work.cordic_types(body)
# Loading work.trigonometric_function_generator(rtl)
# Loading work.phase_generator(rtl)
# Loading work.phase_accumulator(inverse_trigonometric)
# Loading work.phase_accumulator(hyperbolic)
# Loading work.phase_accumulator(circular)
# Loading work.cordic_core(pipelined_arch)
# ** Warning: Design size of 17446 statements or 8 leaf instances exceeds ModelSim PE Student Edition recommended capacity.
# Expect performance to be quite adversely affected.
# Loading C:/Program Files/MATLAB/R2017b/toolbox/edalink/extensions/modelsim/windows32/liblfmhdls_gcc421vc12.dll
# ************************************************************************
# HDL server has been started in batch mode. The HDL simulator will be 
# blocked until Simulink starts cosimulation. If you do not want to run
# in batch mode, restart the HDL simulator in a different run mode. To 
# exit the HDL simulator without running a cosimulation session, issue 
# the breakHdlSim('56779') command in MATLAB.

# 
# <EOF>
# End time: 22:21:18 on Jan 08,2018, Elapsed time: 0:00:01
# Errors: 0, Warnings: 1
