if { [catch {vsimulink trigonometric_function_generator -t 1ps -voptargs=+acc  } errmsg] } {
    echo "Loading simulation and HDL Verifier library failed."; 
    echo $errmsg; 
    quit -f; 
}
# //  ModelSim PE Student Edition 10.4a Apr  7 2015 
# //
# //  Copyright 1991-2015 Mentor Graphics Corporation
# //  All Rights Reserved.
# //
# //  THIS WORK CONTAINS TRADE SECRET AND PROPRIETARY INFORMATION
# //  WHICH IS THE PROPERTY OF MENTOR GRAPHICS CORPORATION OR ITS
# //  LICENSORS AND IS SUBJECT TO LICENSE TERMS.
# //  THIS DOCUMENT CONTAINS TRADE SECRETS AND COMMERCIAL OR FINANCIAL
# //  INFORMATION THAT ARE PRIVILEGED, CONFIDENTIAL, AND EXEMPT FROM
# //  DISCLOSURE UNDER THE FREEDOM OF INFORMATION ACT, 5 U.S.C. SECTION 552.
# //  FURTHERMORE, THIS INFORMATION IS PROHIBITED FROM DISCLOSURE UNDER
# //  THE TRADE SECRETS ACT, 18 U.S.C. SECTION 1905.
# //
# // NOT FOR CORPORATE OR PRODUCTION USE.
# // THE ModelSim PE Student Edition IS NOT A SUPPORTED PRODUCT.
# // FOR HIGHER EDUCATION PURPOSES ONLY
# //
# vsim 
# Start time: 03:53:04 on Jan 08,2018
# Loading std.standard
# ** Error: (vsim-13) Recompile work.cordic_types because work.fixed_pkg, work.fixed_float_types have changed.
# 
# ** Error (suppressible): (vsim-12) Recompile work.trigonometric_function_generator after work.cordic_types is recompiled.
# 
# ** Error: (vsim-13) Recompile work.trigonometric_function_generator because work.fixed_pkg, work.fixed_float_types have changed.
# 
# ** Error (suppressible): (vsim-12) Recompile work.phase_generator after work.cordic_types is recompiled.
# 
# ** Error: (vsim-13) Recompile work.phase_generator because work.fixed_pkg, work.fixed_float_types have changed.
# 
# ** Error (suppressible): (vsim-12) Recompile work.cordic_core after work.cordic_types is recompiled.
# 
# ** Error: (vsim-13) Recompile work.cordic_core because work.fixed_pkg, work.fixed_float_types have changed.
# 
# ** Error (suppressible): (vsim-12) Recompile work.trigonometric_function_generator(rtl) after work.trigonometric_function_generator, work.cordic_types, work.phase_generator, work.cordic_core are recompiled.
# 
# ** Error: (vsim-13) Recompile work.trigonometric_function_generator(rtl) because work.fixed_pkg, work.fixed_float_types have changed.
# 
# Error loading design
# Error: Error loading design
#        Executing onElabError command(s): echo "Loading simulation and HDL Verifier library failed."; quit -f
# Loading simulation and HDL Verifier library failed.
# End time: 03:53:05 on Jan 08,2018, Elapsed time: 0:00:01
# Errors: 9, Warnings: 0
